<?xml version="1.0" encoding="UTF-8" ?>
<testsuite errors="1" failures="0" hostname="rimasakotekiMacBook-Pro.local" name="temp.net.synergyinfo.mypush.test.restInterface.TestRestfulInterface_mypush_xmppResource_register" tests="1" time="0.0" timestamp="2013-08-27T01:40:33">
  <properties>
[...]
</properties>
  <error message="temp.net.synergyinfo.mypush.test.restInterface.TestRestfulInterface_mypush_xmppResource_register" type="java.lang.ClassNotFoundException">java.lang.ClassNotFoundException: temp.net.synergyinfo.mypush.test.restInterface.TestRestfulInterface_mypush_xmppResource_register
	at java.net.URLClassLoader$1.run(URLClassLoader.java:202)
	at java.security.AccessController.doPrivileged(Native Method)
	at java.net.URLClassLoader.findClass(URLClassLoader.java:190)
	at java.lang.ClassLoader.loadClass(ClassLoader.java:306)
	at sun.misc.Launcher$AppClassLoader.loadClass(Launcher.java:301)
	at java.lang.ClassLoader.loadClass(ClassLoader.java:247)
	at java.lang.Class.forName0(Native Method)
	at java.lang.Class.forName(Class.java:171)
</error>
  <system-out><![CDATA[]]></system-out>
  <system-err><![CDATA[]]></system-err>
</testsuite>
