<?xml version="1.0" encoding="UTF-8" ?>
<testsuite errors="0" failures="0" hostname="rimasakotekiMacBook-Pro.local" name="net.synergyinfo.mypush.test.restInterface.TestRestfulInterface_mypush_xmppResource_a_lot" tests="1000" time="93.861" timestamp="2013-08-27T01:38:17">
  <properties>
[...]
</properties>
  <testcase classname="net.synergyinfo.mypush.test.restInterface.TestRestfulInterface_mypush_xmppResource_a_lot" name="test_push_check_response_status[0]" time="0.448" />
  <testcase classname="net.synergyinfo.mypush.test.restInterface.TestRestfulInterface_mypush_xmppResource_a_lot" name="test_push_check_response_status[1]" time="0.17" />
  <testcase classname="net.synergyinfo.mypush.test.restInterface.TestRestfulInterface_mypush_xmppResource_a_lot" name="test_push_check_response_status[2]" time="0.151" />
  <testcase classname="net.synergyinfo.mypush.test.restInterface.TestRestfulInterface_mypush_xmppResource_a_lot" name="test_push_check_response_status[3]" time="0.132" />
  <testcase classname="net.synergyinfo.mypush.test.restInterface.TestRestfulInterface_mypush_xmppResource_a_lot" name="test_push_check_response_status[4]" time="0.124" />
  <testcase classname="net.synergyinfo.mypush.test.restInterface.TestRestfulInterface_mypush_xmppResource_a_lot" name="test_push_check_response_status[5]" time="0.132" />
  <testcase classname="net.synergyinfo.mypush.test.restInterface.TestRestfulInterface_mypush_xmppResource_a_lot" name="test_push_check_response_status[6]" time="0.117" />
  <testcase classname="net.synergyinfo.mypush.test.restInterface.TestRestfulInterface_mypush_xmppResource_a_lot" name="test_push_check_response_status[7]" time="0.115" />
  <testcase classname="net.synergyinfo.mypush.test.restInterface.TestRestfulInterface_mypush_xmppResource_a_lot" name="test_push_check_response_status[8]" time="0.108" />
  <testcase classname="net.synergyinfo.mypush.test.restInterface.TestRestfulInterface_mypush_xmppResource_a_lot" name="test_push_check_response_status[9]" time="0.1" />
  <testcase classname="net.synergyinfo.mypush.test.restInterface.TestRestfulInterface_mypush_xmppResource_a_lot" name="test_push_check_response_status[10]" time="0.125" />
  <testcase classname="net.synergyinfo.mypush.test.restInterface.TestRestfulInterface_mypush_xmppResource_a_lot" name="test_push_check_response_status[11]" time="0.14" />
  <testcase classname="net.synergyinfo.mypush.test.restInterface.TestRestfulInterface_mypush_xmppResource_a_lot" name="test_push_check_response_status[12]" time="0.133" />
  <testcase classname="net.synergyinfo.mypush.test.restInterface.TestRestfulInterface_mypush_xmppResource_a_lot" name="test_push_check_response_status[13]" time="0.125" />
  <testcase classname="net.synergyinfo.mypush.test.restInterface.TestRestfulInterface_mypush_xmppResource_a_lot" name="test_push_check_response_status[14]" time="0.135" />
  <testcase classname="net.synergyinfo.mypush.test.restInterface.TestRestfulInterface_mypush_xmppResource_a_lot" name="test_push_check_response_status[15]" time="0.123" />
  <testcase classname="net.synergyinfo.mypush.test.restInterface.TestRestfulInterface_mypush_xmppResource_a_lot" name="test_push_check_response_status[16]" time="0.106" />
  <testcase classname="net.synergyinfo.mypush.test.restInterface.TestRestfulInterface_mypush_xmppResource_a_lot" name="test_push_check_response_status[17]" time="0.099" />
  <testcase classname="net.synergyinfo.mypush.test.restInterface.TestRestfulInterface_mypush_xmppResource_a_lot" name="test_push_check_response_status[18]" time="0.125" />
  <testcase classname="net.synergyinfo.mypush.test.restInterface.TestRestfulInterface_mypush_xmppResource_a_lot" name="test_push_check_response_status[19]" time="0.117" />
  <testcase classname="net.synergyinfo.mypush.test.restInterface.TestRestfulInterface_mypush_xmppResource_a_lot" name="test_push_check_response_status[20]" time="0.117" />
  <testcase classname="net.synergyinfo.mypush.test.restInterface.TestRestfulInterface_mypush_xmppResource_a_lot" name="test_push_check_response_status[21]" time="0.115" />
  <testcase classname="net.synergyinfo.mypush.test.restInterface.TestRestfulInterface_mypush_xmppResource_a_lot" name="test_push_check_response_status[22]" time="0.117" />
  <testcase classname="net.synergyinfo.mypush.test.restInterface.TestRestfulInterface_mypush_xmppResource_a_lot" name="test_push_check_response_status[23]" time="0.107" />
  <testcase classname="net.synergyinfo.mypush.test.restInterface.TestRestfulInterface_mypush_xmppResource_a_lot" name="test_push_check_response_status[24]" time="0.116" />
  <testcase classname="net.synergyinfo.mypush.test.restInterface.TestRestfulInterface_mypush_xmppResource_a_lot" name="test_push_check_response_status[25]" time="0.107" />
  <testcase classname="net.synergyinfo.mypush.test.restInterface.TestRestfulInterface_mypush_xmppResource_a_lot" name="test_push_check_response_status[26]" time="0.116" />
  <testcase classname="net.synergyinfo.mypush.test.restInterface.TestRestfulInterface_mypush_xmppResource_a_lot" name="test_push_check_response_status[27]" time="0.109" />
  <testcase classname="net.synergyinfo.mypush.test.restInterface.TestRestfulInterface_mypush_xmppResource_a_lot" name="test_push_check_response_status[28]" time="0.1" />
  <testcase classname="net.synergyinfo.mypush.test.restInterface.TestRestfulInterface_mypush_xmppResource_a_lot" name="test_push_check_response_status[29]" time="0.107" />
  <testcase classname="net.synergyinfo.mypush.test.restInterface.TestRestfulInterface_mypush_xmppResource_a_lot" name="test_push_check_response_status[30]" time="0.139" />
  <testcase classname="net.synergyinfo.mypush.test.restInterface.TestRestfulInterface_mypush_xmppResource_a_lot" name="test_push_check_response_status[31]" time="0.11" />
  <testcase classname="net.synergyinfo.mypush.test.restInterface.TestRestfulInterface_mypush_xmppResource_a_lot" name="test_push_check_response_status[32]" time="0.1" />
  <testcase classname="net.synergyinfo.mypush.test.restInterface.TestRestfulInterface_mypush_xmppResource_a_lot" name="test_push_check_response_status[33]" time="0.109" />
  <testcase classname="net.synergyinfo.mypush.test.restInterface.TestRestfulInterface_mypush_xmppResource_a_lot" name="test_push_check_response_status[34]" time="0.11" />
  <testcase classname="net.synergyinfo.mypush.test.restInterface.TestRestfulInterface_mypush_xmppResource_a_lot" name="test_push_check_response_status[35]" time="0.106" />
  <testcase classname="net.synergyinfo.mypush.test.restInterface.TestRestfulInterface_mypush_xmppResource_a_lot" name="test_push_check_response_status[36]" time="0.091" />
  <testcase classname="net.synergyinfo.mypush.test.restInterface.TestRestfulInterface_mypush_xmppResource_a_lot" name="test_push_check_response_status[37]" time="0.1" />
  <testcase classname="net.synergyinfo.mypush.test.restInterface.TestRestfulInterface_mypush_xmppResource_a_lot" name="test_push_check_response_status[38]" time="0.108" />
  <testcase classname="net.synergyinfo.mypush.test.restInterface.TestRestfulInterface_mypush_xmppResource_a_lot" name="test_push_check_response_status[39]" time="0.099" />
  <testcase classname="net.synergyinfo.mypush.test.restInterface.TestRestfulInterface_mypush_xmppResource_a_lot" name="test_push_check_response_status[40]" time="0.166" />
  <testcase classname="net.synergyinfo.mypush.test.restInterface.TestRestfulInterface_mypush_xmppResource_a_lot" name="test_push_check_response_status[41]" time="0.125" />
  <testcase classname="net.synergyinfo.mypush.test.restInterface.TestRestfulInterface_mypush_xmppResource_a_lot" name="test_push_check_response_status[42]" time="0.116" />
  <testcase classname="net.synergyinfo.mypush.test.restInterface.TestRestfulInterface_mypush_xmppResource_a_lot" name="test_push_check_response_status[43]" time="0.091" />
  <testcase classname="net.synergyinfo.mypush.test.restInterface.TestRestfulInterface_mypush_xmppResource_a_lot" name="test_push_check_response_status[44]" time="0.092" />
  <testcase classname="net.synergyinfo.mypush.test.restInterface.TestRestfulInterface_mypush_xmppResource_a_lot" name="test_push_check_response_status[45]" time="0.099" />
  <testcase classname="net.synergyinfo.mypush.test.restInterface.TestRestfulInterface_mypush_xmppResource_a_lot" name="test_push_check_response_status[46]" time="0.1" />
  <testcase classname="net.synergyinfo.mypush.test.restInterface.TestRestfulInterface_mypush_xmppResource_a_lot" name="test_push_check_response_status[47]" time="0.099" />
  <testcase classname="net.synergyinfo.mypush.test.restInterface.TestRestfulInterface_mypush_xmppResource_a_lot" name="test_push_check_response_status[48]" time="0.095" />
  <testcase classname="net.synergyinfo.mypush.test.restInterface.TestRestfulInterface_mypush_xmppResource_a_lot" name="test_push_check_response_status[49]" time="0.101" />
  <testcase classname="net.synergyinfo.mypush.test.restInterface.TestRestfulInterface_mypush_xmppResource_a_lot" name="test_push_check_response_status[50]" time="0.108" />
  <testcase classname="net.synergyinfo.mypush.test.restInterface.TestRestfulInterface_mypush_xmppResource_a_lot" name="test_push_check_response_status[51]" time="0.098" />
  <testcase classname="net.synergyinfo.mypush.test.restInterface.TestRestfulInterface_mypush_xmppResource_a_lot" name="test_push_check_response_status[52]" time="0.116" />
  <testcase classname="net.synergyinfo.mypush.test.restInterface.TestRestfulInterface_mypush_xmppResource_a_lot" name="test_push_check_response_status[53]" time="0.1" />
  <testcase classname="net.synergyinfo.mypush.test.restInterface.TestRestfulInterface_mypush_xmppResource_a_lot" name="test_push_check_response_status[54]" time="0.117" />
  <testcase classname="net.synergyinfo.mypush.test.restInterface.TestRestfulInterface_mypush_xmppResource_a_lot" name="test_push_check_response_status[55]" time="0.1" />
  <testcase classname="net.synergyinfo.mypush.test.restInterface.TestRestfulInterface_mypush_xmppResource_a_lot" name="test_push_check_response_status[56]" time="0.099" />
  <testcase classname="net.synergyinfo.mypush.test.restInterface.TestRestfulInterface_mypush_xmppResource_a_lot" name="test_push_check_response_status[57]" time="0.109" />
  <testcase classname="net.synergyinfo.mypush.test.restInterface.TestRestfulInterface_mypush_xmppResource_a_lot" name="test_push_check_response_status[58]" time="0.125" />
  <testcase classname="net.synergyinfo.mypush.test.restInterface.TestRestfulInterface_mypush_xmppResource_a_lot" name="test_push_check_response_status[59]" time="0.105" />
  <testcase classname="net.synergyinfo.mypush.test.restInterface.TestRestfulInterface_mypush_xmppResource_a_lot" name="test_push_check_response_status[60]" time="0.127" />
  <testcase classname="net.synergyinfo.mypush.test.restInterface.TestRestfulInterface_mypush_xmppResource_a_lot" name="test_push_check_response_status[61]" time="0.1" />
  <testcase classname="net.synergyinfo.mypush.test.restInterface.TestRestfulInterface_mypush_xmppResource_a_lot" name="test_push_check_response_status[62]" time="0.081" />
  <testcase classname="net.synergyinfo.mypush.test.restInterface.TestRestfulInterface_mypush_xmppResource_a_lot" name="test_push_check_response_status[63]" time="0.119" />
  <testcase classname="net.synergyinfo.mypush.test.restInterface.TestRestfulInterface_mypush_xmppResource_a_lot" name="test_push_check_response_status[64]" time="0.116" />
  <testcase classname="net.synergyinfo.mypush.test.restInterface.TestRestfulInterface_mypush_xmppResource_a_lot" name="test_push_check_response_status[65]" time="0.092" />
  <testcase classname="net.synergyinfo.mypush.test.restInterface.TestRestfulInterface_mypush_xmppResource_a_lot" name="test_push_check_response_status[66]" time="0.092" />
  <testcase classname="net.synergyinfo.mypush.test.restInterface.TestRestfulInterface_mypush_xmppResource_a_lot" name="test_push_check_response_status[67]" time="0.083" />
  <testcase classname="net.synergyinfo.mypush.test.restInterface.TestRestfulInterface_mypush_xmppResource_a_lot" name="test_push_check_response_status[68]" time="0.082" />
  <testcase classname="net.synergyinfo.mypush.test.restInterface.TestRestfulInterface_mypush_xmppResource_a_lot" name="test_push_check_response_status[69]" time="0.092" />
  <testcase classname="net.synergyinfo.mypush.test.restInterface.TestRestfulInterface_mypush_xmppResource_a_lot" name="test_push_check_response_status[70]" time="0.091" />
  <testcase classname="net.synergyinfo.mypush.test.restInterface.TestRestfulInterface_mypush_xmppResource_a_lot" name="test_push_check_response_status[71]" time="0.083" />
  <testcase classname="net.synergyinfo.mypush.test.restInterface.TestRestfulInterface_mypush_xmppResource_a_lot" name="test_push_check_response_status[72]" time="0.101" />
  <testcase classname="net.synergyinfo.mypush.test.restInterface.TestRestfulInterface_mypush_xmppResource_a_lot" name="test_push_check_response_status[73]" time="0.098" />
  <testcase classname="net.synergyinfo.mypush.test.restInterface.TestRestfulInterface_mypush_xmppResource_a_lot" name="test_push_check_response_status[74]" time="0.1" />
  <testcase classname="net.synergyinfo.mypush.test.restInterface.TestRestfulInterface_mypush_xmppResource_a_lot" name="test_push_check_response_status[75]" time="0.091" />
  <testcase classname="net.synergyinfo.mypush.test.restInterface.TestRestfulInterface_mypush_xmppResource_a_lot" name="test_push_check_response_status[76]" time="0.097" />
  <testcase classname="net.synergyinfo.mypush.test.restInterface.TestRestfulInterface_mypush_xmppResource_a_lot" name="test_push_check_response_status[77]" time="0.103" />
  <testcase classname="net.synergyinfo.mypush.test.restInterface.TestRestfulInterface_mypush_xmppResource_a_lot" name="test_push_check_response_status[78]" time="0.1" />
  <testcase classname="net.synergyinfo.mypush.test.restInterface.TestRestfulInterface_mypush_xmppResource_a_lot" name="test_push_check_response_status[79]" time="0.104" />
  <testcase classname="net.synergyinfo.mypush.test.restInterface.TestRestfulInterface_mypush_xmppResource_a_lot" name="test_push_check_response_status[80]" time="0.1" />
  <testcase classname="net.synergyinfo.mypush.test.restInterface.TestRestfulInterface_mypush_xmppResource_a_lot" name="test_push_check_response_status[81]" time="0.095" />
  <testcase classname="net.synergyinfo.mypush.test.restInterface.TestRestfulInterface_mypush_xmppResource_a_lot" name="test_push_check_response_status[82]" time="0.094" />
  <testcase classname="net.synergyinfo.mypush.test.restInterface.TestRestfulInterface_mypush_xmppResource_a_lot" name="test_push_check_response_status[83]" time="0.139" />
  <testcase classname="net.synergyinfo.mypush.test.restInterface.TestRestfulInterface_mypush_xmppResource_a_lot" name="test_push_check_response_status[84]" time="0.09" />
  <testcase classname="net.synergyinfo.mypush.test.restInterface.TestRestfulInterface_mypush_xmppResource_a_lot" name="test_push_check_response_status[85]" time="0.075" />
  <testcase classname="net.synergyinfo.mypush.test.restInterface.TestRestfulInterface_mypush_xmppResource_a_lot" name="test_push_check_response_status[86]" time="0.099" />
  <testcase classname="net.synergyinfo.mypush.test.restInterface.TestRestfulInterface_mypush_xmppResource_a_lot" name="test_push_check_response_status[87]" time="0.083" />
  <testcase classname="net.synergyinfo.mypush.test.restInterface.TestRestfulInterface_mypush_xmppResource_a_lot" name="test_push_check_response_status[88]" time="0.091" />
  <testcase classname="net.synergyinfo.mypush.test.restInterface.TestRestfulInterface_mypush_xmppResource_a_lot" name="test_push_check_response_status[89]" time="0.092" />
  <testcase classname="net.synergyinfo.mypush.test.restInterface.TestRestfulInterface_mypush_xmppResource_a_lot" name="test_push_check_response_status[90]" time="0.082" />
  <testcase classname="net.synergyinfo.mypush.test.restInterface.TestRestfulInterface_mypush_xmppResource_a_lot" name="test_push_check_response_status[91]" time="0.092" />
  <testcase classname="net.synergyinfo.mypush.test.restInterface.TestRestfulInterface_mypush_xmppResource_a_lot" name="test_push_check_response_status[92]" time="0.082" />
  <testcase classname="net.synergyinfo.mypush.test.restInterface.TestRestfulInterface_mypush_xmppResource_a_lot" name="test_push_check_response_status[93]" time="0.083" />
  <testcase classname="net.synergyinfo.mypush.test.restInterface.TestRestfulInterface_mypush_xmppResource_a_lot" name="test_push_check_response_status[94]" time="0.083" />
  <testcase classname="net.synergyinfo.mypush.test.restInterface.TestRestfulInterface_mypush_xmppResource_a_lot" name="test_push_check_response_status[95]" time="0.082" />
  <testcase classname="net.synergyinfo.mypush.test.restInterface.TestRestfulInterface_mypush_xmppResource_a_lot" name="test_push_check_response_status[96]" time="0.1" />
  <testcase classname="net.synergyinfo.mypush.test.restInterface.TestRestfulInterface_mypush_xmppResource_a_lot" name="test_push_check_response_status[97]" time="0.1" />
  <testcase classname="net.synergyinfo.mypush.test.restInterface.TestRestfulInterface_mypush_xmppResource_a_lot" name="test_push_check_response_status[98]" time="0.084" />
  <testcase classname="net.synergyinfo.mypush.test.restInterface.TestRestfulInterface_mypush_xmppResource_a_lot" name="test_push_check_response_status[99]" time="0.09" />
  <testcase classname="net.synergyinfo.mypush.test.restInterface.TestRestfulInterface_mypush_xmppResource_a_lot" name="test_push_check_response_status[100]" time="0.099" />
  <testcase classname="net.synergyinfo.mypush.test.restInterface.TestRestfulInterface_mypush_xmppResource_a_lot" name="test_push_check_response_status[101]" time="0.083" />
  <testcase classname="net.synergyinfo.mypush.test.restInterface.TestRestfulInterface_mypush_xmppResource_a_lot" name="test_push_check_response_status[102]" time="0.091" />
  <testcase classname="net.synergyinfo.mypush.test.restInterface.TestRestfulInterface_mypush_xmppResource_a_lot" name="test_push_check_response_status[103]" time="0.091" />
  <testcase classname="net.synergyinfo.mypush.test.restInterface.TestRestfulInterface_mypush_xmppResource_a_lot" name="test_push_check_response_status[104]" time="0.091" />
  <testcase classname="net.synergyinfo.mypush.test.restInterface.TestRestfulInterface_mypush_xmppResource_a_lot" name="test_push_check_response_status[105]" time="0.083" />
  <testcase classname="net.synergyinfo.mypush.test.restInterface.TestRestfulInterface_mypush_xmppResource_a_lot" name="test_push_check_response_status[106]" time="0.099" />
  <testcase classname="net.synergyinfo.mypush.test.restInterface.TestRestfulInterface_mypush_xmppResource_a_lot" name="test_push_check_response_status[107]" time="0.084" />
  <testcase classname="net.synergyinfo.mypush.test.restInterface.TestRestfulInterface_mypush_xmppResource_a_lot" name="test_push_check_response_status[108]" time="0.091" />
  <testcase classname="net.synergyinfo.mypush.test.restInterface.TestRestfulInterface_mypush_xmppResource_a_lot" name="test_push_check_response_status[109]" time="0.099" />
  <testcase classname="net.synergyinfo.mypush.test.restInterface.TestRestfulInterface_mypush_xmppResource_a_lot" name="test_push_check_response_status[110]" time="0.083" />
  <testcase classname="net.synergyinfo.mypush.test.restInterface.TestRestfulInterface_mypush_xmppResource_a_lot" name="test_push_check_response_status[111]" time="0.084" />
  <testcase classname="net.synergyinfo.mypush.test.restInterface.TestRestfulInterface_mypush_xmppResource_a_lot" name="test_push_check_response_status[112]" time="0.127" />
  <testcase classname="net.synergyinfo.mypush.test.restInterface.TestRestfulInterface_mypush_xmppResource_a_lot" name="test_push_check_response_status[113]" time="0.114" />
  <testcase classname="net.synergyinfo.mypush.test.restInterface.TestRestfulInterface_mypush_xmppResource_a_lot" name="test_push_check_response_status[114]" time="0.125" />
  <testcase classname="net.synergyinfo.mypush.test.restInterface.TestRestfulInterface_mypush_xmppResource_a_lot" name="test_push_check_response_status[115]" time="0.092" />
  <testcase classname="net.synergyinfo.mypush.test.restInterface.TestRestfulInterface_mypush_xmppResource_a_lot" name="test_push_check_response_status[116]" time="0.091" />
  <testcase classname="net.synergyinfo.mypush.test.restInterface.TestRestfulInterface_mypush_xmppResource_a_lot" name="test_push_check_response_status[117]" time="0.095" />
  <testcase classname="net.synergyinfo.mypush.test.restInterface.TestRestfulInterface_mypush_xmppResource_a_lot" name="test_push_check_response_status[118]" time="0.087" />
  <testcase classname="net.synergyinfo.mypush.test.restInterface.TestRestfulInterface_mypush_xmppResource_a_lot" name="test_push_check_response_status[119]" time="0.084" />
  <testcase classname="net.synergyinfo.mypush.test.restInterface.TestRestfulInterface_mypush_xmppResource_a_lot" name="test_push_check_response_status[120]" time="0.091" />
  <testcase classname="net.synergyinfo.mypush.test.restInterface.TestRestfulInterface_mypush_xmppResource_a_lot" name="test_push_check_response_status[121]" time="0.09" />
  <testcase classname="net.synergyinfo.mypush.test.restInterface.TestRestfulInterface_mypush_xmppResource_a_lot" name="test_push_check_response_status[122]" time="0.084" />
  <testcase classname="net.synergyinfo.mypush.test.restInterface.TestRestfulInterface_mypush_xmppResource_a_lot" name="test_push_check_response_status[123]" time="0.09" />
  <testcase classname="net.synergyinfo.mypush.test.restInterface.TestRestfulInterface_mypush_xmppResource_a_lot" name="test_push_check_response_status[124]" time="0.083" />
  <testcase classname="net.synergyinfo.mypush.test.restInterface.TestRestfulInterface_mypush_xmppResource_a_lot" name="test_push_check_response_status[125]" time="0.085" />
  <testcase classname="net.synergyinfo.mypush.test.restInterface.TestRestfulInterface_mypush_xmppResource_a_lot" name="test_push_check_response_status[126]" time="0.1" />
  <testcase classname="net.synergyinfo.mypush.test.restInterface.TestRestfulInterface_mypush_xmppResource_a_lot" name="test_push_check_response_status[127]" time="0.091" />
  <testcase classname="net.synergyinfo.mypush.test.restInterface.TestRestfulInterface_mypush_xmppResource_a_lot" name="test_push_check_response_status[128]" time="0.1" />
  <testcase classname="net.synergyinfo.mypush.test.restInterface.TestRestfulInterface_mypush_xmppResource_a_lot" name="test_push_check_response_status[129]" time="0.098" />
  <testcase classname="net.synergyinfo.mypush.test.restInterface.TestRestfulInterface_mypush_xmppResource_a_lot" name="test_push_check_response_status[130]" time="0.084" />
  <testcase classname="net.synergyinfo.mypush.test.restInterface.TestRestfulInterface_mypush_xmppResource_a_lot" name="test_push_check_response_status[131]" time="0.083" />
  <testcase classname="net.synergyinfo.mypush.test.restInterface.TestRestfulInterface_mypush_xmppResource_a_lot" name="test_push_check_response_status[132]" time="0.089" />
  <testcase classname="net.synergyinfo.mypush.test.restInterface.TestRestfulInterface_mypush_xmppResource_a_lot" name="test_push_check_response_status[133]" time="0.083" />
  <testcase classname="net.synergyinfo.mypush.test.restInterface.TestRestfulInterface_mypush_xmppResource_a_lot" name="test_push_check_response_status[134]" time="0.1" />
  <testcase classname="net.synergyinfo.mypush.test.restInterface.TestRestfulInterface_mypush_xmppResource_a_lot" name="test_push_check_response_status[135]" time="0.092" />
  <testcase classname="net.synergyinfo.mypush.test.restInterface.TestRestfulInterface_mypush_xmppResource_a_lot" name="test_push_check_response_status[136]" time="0.095" />
  <testcase classname="net.synergyinfo.mypush.test.restInterface.TestRestfulInterface_mypush_xmppResource_a_lot" name="test_push_check_response_status[137]" time="0.121" />
  <testcase classname="net.synergyinfo.mypush.test.restInterface.TestRestfulInterface_mypush_xmppResource_a_lot" name="test_push_check_response_status[138]" time="0.1" />
  <testcase classname="net.synergyinfo.mypush.test.restInterface.TestRestfulInterface_mypush_xmppResource_a_lot" name="test_push_check_response_status[139]" time="0.084" />
  <testcase classname="net.synergyinfo.mypush.test.restInterface.TestRestfulInterface_mypush_xmppResource_a_lot" name="test_push_check_response_status[140]" time="0.099" />
  <testcase classname="net.synergyinfo.mypush.test.restInterface.TestRestfulInterface_mypush_xmppResource_a_lot" name="test_push_check_response_status[141]" time="0.083" />
  <testcase classname="net.synergyinfo.mypush.test.restInterface.TestRestfulInterface_mypush_xmppResource_a_lot" name="test_push_check_response_status[142]" time="0.092" />
  <testcase classname="net.synergyinfo.mypush.test.restInterface.TestRestfulInterface_mypush_xmppResource_a_lot" name="test_push_check_response_status[143]" time="0.091" />
  <testcase classname="net.synergyinfo.mypush.test.restInterface.TestRestfulInterface_mypush_xmppResource_a_lot" name="test_push_check_response_status[144]" time="0.099" />
  <testcase classname="net.synergyinfo.mypush.test.restInterface.TestRestfulInterface_mypush_xmppResource_a_lot" name="test_push_check_response_status[145]" time="0.099" />
  <testcase classname="net.synergyinfo.mypush.test.restInterface.TestRestfulInterface_mypush_xmppResource_a_lot" name="test_push_check_response_status[146]" time="0.083" />
  <testcase classname="net.synergyinfo.mypush.test.restInterface.TestRestfulInterface_mypush_xmppResource_a_lot" name="test_push_check_response_status[147]" time="0.108" />
  <testcase classname="net.synergyinfo.mypush.test.restInterface.TestRestfulInterface_mypush_xmppResource_a_lot" name="test_push_check_response_status[148]" time="0.09" />
  <testcase classname="net.synergyinfo.mypush.test.restInterface.TestRestfulInterface_mypush_xmppResource_a_lot" name="test_push_check_response_status[149]" time="0.083" />
  <testcase classname="net.synergyinfo.mypush.test.restInterface.TestRestfulInterface_mypush_xmppResource_a_lot" name="test_push_check_response_status[150]" time="0.103" />
  <testcase classname="net.synergyinfo.mypush.test.restInterface.TestRestfulInterface_mypush_xmppResource_a_lot" name="test_push_check_response_status[151]" time="0.088" />
  <testcase classname="net.synergyinfo.mypush.test.restInterface.TestRestfulInterface_mypush_xmppResource_a_lot" name="test_push_check_response_status[152]" time="0.083" />
  <testcase classname="net.synergyinfo.mypush.test.restInterface.TestRestfulInterface_mypush_xmppResource_a_lot" name="test_push_check_response_status[153]" time="0.091" />
  <testcase classname="net.synergyinfo.mypush.test.restInterface.TestRestfulInterface_mypush_xmppResource_a_lot" name="test_push_check_response_status[154]" time="0.082" />
  <testcase classname="net.synergyinfo.mypush.test.restInterface.TestRestfulInterface_mypush_xmppResource_a_lot" name="test_push_check_response_status[155]" time="0.092" />
  <testcase classname="net.synergyinfo.mypush.test.restInterface.TestRestfulInterface_mypush_xmppResource_a_lot" name="test_push_check_response_status[156]" time="0.09" />
  <testcase classname="net.synergyinfo.mypush.test.restInterface.TestRestfulInterface_mypush_xmppResource_a_lot" name="test_push_check_response_status[157]" time="0.083" />
  <testcase classname="net.synergyinfo.mypush.test.restInterface.TestRestfulInterface_mypush_xmppResource_a_lot" name="test_push_check_response_status[158]" time="0.092" />
  <testcase classname="net.synergyinfo.mypush.test.restInterface.TestRestfulInterface_mypush_xmppResource_a_lot" name="test_push_check_response_status[159]" time="0.092" />
  <testcase classname="net.synergyinfo.mypush.test.restInterface.TestRestfulInterface_mypush_xmppResource_a_lot" name="test_push_check_response_status[160]" time="0.091" />
  <testcase classname="net.synergyinfo.mypush.test.restInterface.TestRestfulInterface_mypush_xmppResource_a_lot" name="test_push_check_response_status[161]" time="0.083" />
  <testcase classname="net.synergyinfo.mypush.test.restInterface.TestRestfulInterface_mypush_xmppResource_a_lot" name="test_push_check_response_status[162]" time="0.084" />
  <testcase classname="net.synergyinfo.mypush.test.restInterface.TestRestfulInterface_mypush_xmppResource_a_lot" name="test_push_check_response_status[163]" time="0.091" />
  <testcase classname="net.synergyinfo.mypush.test.restInterface.TestRestfulInterface_mypush_xmppResource_a_lot" name="test_push_check_response_status[164]" time="0.092" />
  <testcase classname="net.synergyinfo.mypush.test.restInterface.TestRestfulInterface_mypush_xmppResource_a_lot" name="test_push_check_response_status[165]" time="0.09" />
  <testcase classname="net.synergyinfo.mypush.test.restInterface.TestRestfulInterface_mypush_xmppResource_a_lot" name="test_push_check_response_status[166]" time="0.084" />
  <testcase classname="net.synergyinfo.mypush.test.restInterface.TestRestfulInterface_mypush_xmppResource_a_lot" name="test_push_check_response_status[167]" time="0.124" />
  <testcase classname="net.synergyinfo.mypush.test.restInterface.TestRestfulInterface_mypush_xmppResource_a_lot" name="test_push_check_response_status[168]" time="0.158" />
  <testcase classname="net.synergyinfo.mypush.test.restInterface.TestRestfulInterface_mypush_xmppResource_a_lot" name="test_push_check_response_status[169]" time="0.09" />
  <testcase classname="net.synergyinfo.mypush.test.restInterface.TestRestfulInterface_mypush_xmppResource_a_lot" name="test_push_check_response_status[170]" time="0.098" />
  <testcase classname="net.synergyinfo.mypush.test.restInterface.TestRestfulInterface_mypush_xmppResource_a_lot" name="test_push_check_response_status[171]" time="0.11" />
  <testcase classname="net.synergyinfo.mypush.test.restInterface.TestRestfulInterface_mypush_xmppResource_a_lot" name="test_push_check_response_status[172]" time="0.116" />
  <testcase classname="net.synergyinfo.mypush.test.restInterface.TestRestfulInterface_mypush_xmppResource_a_lot" name="test_push_check_response_status[173]" time="0.085" />
  <testcase classname="net.synergyinfo.mypush.test.restInterface.TestRestfulInterface_mypush_xmppResource_a_lot" name="test_push_check_response_status[174]" time="0.112" />
  <testcase classname="net.synergyinfo.mypush.test.restInterface.TestRestfulInterface_mypush_xmppResource_a_lot" name="test_push_check_response_status[175]" time="0.087" />
  <testcase classname="net.synergyinfo.mypush.test.restInterface.TestRestfulInterface_mypush_xmppResource_a_lot" name="test_push_check_response_status[176]" time="0.099" />
  <testcase classname="net.synergyinfo.mypush.test.restInterface.TestRestfulInterface_mypush_xmppResource_a_lot" name="test_push_check_response_status[177]" time="0.099" />
  <testcase classname="net.synergyinfo.mypush.test.restInterface.TestRestfulInterface_mypush_xmppResource_a_lot" name="test_push_check_response_status[178]" time="0.099" />
  <testcase classname="net.synergyinfo.mypush.test.restInterface.TestRestfulInterface_mypush_xmppResource_a_lot" name="test_push_check_response_status[179]" time="0.092" />
  <testcase classname="net.synergyinfo.mypush.test.restInterface.TestRestfulInterface_mypush_xmppResource_a_lot" name="test_push_check_response_status[180]" time="0.093" />
  <testcase classname="net.synergyinfo.mypush.test.restInterface.TestRestfulInterface_mypush_xmppResource_a_lot" name="test_push_check_response_status[181]" time="0.082" />
  <testcase classname="net.synergyinfo.mypush.test.restInterface.TestRestfulInterface_mypush_xmppResource_a_lot" name="test_push_check_response_status[182]" time="0.091" />
  <testcase classname="net.synergyinfo.mypush.test.restInterface.TestRestfulInterface_mypush_xmppResource_a_lot" name="test_push_check_response_status[183]" time="0.085" />
  <testcase classname="net.synergyinfo.mypush.test.restInterface.TestRestfulInterface_mypush_xmppResource_a_lot" name="test_push_check_response_status[184]" time="0.099" />
  <testcase classname="net.synergyinfo.mypush.test.restInterface.TestRestfulInterface_mypush_xmppResource_a_lot" name="test_push_check_response_status[185]" time="0.089" />
  <testcase classname="net.synergyinfo.mypush.test.restInterface.TestRestfulInterface_mypush_xmppResource_a_lot" name="test_push_check_response_status[186]" time="0.083" />
  <testcase classname="net.synergyinfo.mypush.test.restInterface.TestRestfulInterface_mypush_xmppResource_a_lot" name="test_push_check_response_status[187]" time="0.091" />
  <testcase classname="net.synergyinfo.mypush.test.restInterface.TestRestfulInterface_mypush_xmppResource_a_lot" name="test_push_check_response_status[188]" time="0.092" />
  <testcase classname="net.synergyinfo.mypush.test.restInterface.TestRestfulInterface_mypush_xmppResource_a_lot" name="test_push_check_response_status[189]" time="0.1" />
  <testcase classname="net.synergyinfo.mypush.test.restInterface.TestRestfulInterface_mypush_xmppResource_a_lot" name="test_push_check_response_status[190]" time="0.09" />
  <testcase classname="net.synergyinfo.mypush.test.restInterface.TestRestfulInterface_mypush_xmppResource_a_lot" name="test_push_check_response_status[191]" time="0.084" />
  <testcase classname="net.synergyinfo.mypush.test.restInterface.TestRestfulInterface_mypush_xmppResource_a_lot" name="test_push_check_response_status[192]" time="0.1" />
  <testcase classname="net.synergyinfo.mypush.test.restInterface.TestRestfulInterface_mypush_xmppResource_a_lot" name="test_push_check_response_status[193]" time="0.123" />
  <testcase classname="net.synergyinfo.mypush.test.restInterface.TestRestfulInterface_mypush_xmppResource_a_lot" name="test_push_check_response_status[194]" time="0.084" />
  <testcase classname="net.synergyinfo.mypush.test.restInterface.TestRestfulInterface_mypush_xmppResource_a_lot" name="test_push_check_response_status[195]" time="0.075" />
  <testcase classname="net.synergyinfo.mypush.test.restInterface.TestRestfulInterface_mypush_xmppResource_a_lot" name="test_push_check_response_status[196]" time="0.092" />
  <testcase classname="net.synergyinfo.mypush.test.restInterface.TestRestfulInterface_mypush_xmppResource_a_lot" name="test_push_check_response_status[197]" time="0.083" />
  <testcase classname="net.synergyinfo.mypush.test.restInterface.TestRestfulInterface_mypush_xmppResource_a_lot" name="test_push_check_response_status[198]" time="0.091" />
  <testcase classname="net.synergyinfo.mypush.test.restInterface.TestRestfulInterface_mypush_xmppResource_a_lot" name="test_push_check_response_status[199]" time="0.092" />
  <testcase classname="net.synergyinfo.mypush.test.restInterface.TestRestfulInterface_mypush_xmppResource_a_lot" name="test_push_check_response_status[200]" time="0.108" />
  <testcase classname="net.synergyinfo.mypush.test.restInterface.TestRestfulInterface_mypush_xmppResource_a_lot" name="test_push_check_response_status[201]" time="0.092" />
  <testcase classname="net.synergyinfo.mypush.test.restInterface.TestRestfulInterface_mypush_xmppResource_a_lot" name="test_push_check_response_status[202]" time="0.092" />
  <testcase classname="net.synergyinfo.mypush.test.restInterface.TestRestfulInterface_mypush_xmppResource_a_lot" name="test_push_check_response_status[203]" time="0.083" />
  <testcase classname="net.synergyinfo.mypush.test.restInterface.TestRestfulInterface_mypush_xmppResource_a_lot" name="test_push_check_response_status[204]" time="0.092" />
  <testcase classname="net.synergyinfo.mypush.test.restInterface.TestRestfulInterface_mypush_xmppResource_a_lot" name="test_push_check_response_status[205]" time="0.082" />
  <testcase classname="net.synergyinfo.mypush.test.restInterface.TestRestfulInterface_mypush_xmppResource_a_lot" name="test_push_check_response_status[206]" time="0.082" />
  <testcase classname="net.synergyinfo.mypush.test.restInterface.TestRestfulInterface_mypush_xmppResource_a_lot" name="test_push_check_response_status[207]" time="0.083" />
  <testcase classname="net.synergyinfo.mypush.test.restInterface.TestRestfulInterface_mypush_xmppResource_a_lot" name="test_push_check_response_status[208]" time="0.091" />
  <testcase classname="net.synergyinfo.mypush.test.restInterface.TestRestfulInterface_mypush_xmppResource_a_lot" name="test_push_check_response_status[209]" time="0.091" />
  <testcase classname="net.synergyinfo.mypush.test.restInterface.TestRestfulInterface_mypush_xmppResource_a_lot" name="test_push_check_response_status[210]" time="0.091" />
  <testcase classname="net.synergyinfo.mypush.test.restInterface.TestRestfulInterface_mypush_xmppResource_a_lot" name="test_push_check_response_status[211]" time="0.083" />
  <testcase classname="net.synergyinfo.mypush.test.restInterface.TestRestfulInterface_mypush_xmppResource_a_lot" name="test_push_check_response_status[212]" time="0.091" />
  <testcase classname="net.synergyinfo.mypush.test.restInterface.TestRestfulInterface_mypush_xmppResource_a_lot" name="test_push_check_response_status[213]" time="0.091" />
  <testcase classname="net.synergyinfo.mypush.test.restInterface.TestRestfulInterface_mypush_xmppResource_a_lot" name="test_push_check_response_status[214]" time="0.084" />
  <testcase classname="net.synergyinfo.mypush.test.restInterface.TestRestfulInterface_mypush_xmppResource_a_lot" name="test_push_check_response_status[215]" time="0.091" />
  <testcase classname="net.synergyinfo.mypush.test.restInterface.TestRestfulInterface_mypush_xmppResource_a_lot" name="test_push_check_response_status[216]" time="0.091" />
  <testcase classname="net.synergyinfo.mypush.test.restInterface.TestRestfulInterface_mypush_xmppResource_a_lot" name="test_push_check_response_status[217]" time="0.084" />
  <testcase classname="net.synergyinfo.mypush.test.restInterface.TestRestfulInterface_mypush_xmppResource_a_lot" name="test_push_check_response_status[218]" time="0.099" />
  <testcase classname="net.synergyinfo.mypush.test.restInterface.TestRestfulInterface_mypush_xmppResource_a_lot" name="test_push_check_response_status[219]" time="0.091" />
  <testcase classname="net.synergyinfo.mypush.test.restInterface.TestRestfulInterface_mypush_xmppResource_a_lot" name="test_push_check_response_status[220]" time="0.103" />
  <testcase classname="net.synergyinfo.mypush.test.restInterface.TestRestfulInterface_mypush_xmppResource_a_lot" name="test_push_check_response_status[221]" time="0.106" />
  <testcase classname="net.synergyinfo.mypush.test.restInterface.TestRestfulInterface_mypush_xmppResource_a_lot" name="test_push_check_response_status[222]" time="0.099" />
  <testcase classname="net.synergyinfo.mypush.test.restInterface.TestRestfulInterface_mypush_xmppResource_a_lot" name="test_push_check_response_status[223]" time="0.093" />
  <testcase classname="net.synergyinfo.mypush.test.restInterface.TestRestfulInterface_mypush_xmppResource_a_lot" name="test_push_check_response_status[224]" time="0.082" />
  <testcase classname="net.synergyinfo.mypush.test.restInterface.TestRestfulInterface_mypush_xmppResource_a_lot" name="test_push_check_response_status[225]" time="0.091" />
  <testcase classname="net.synergyinfo.mypush.test.restInterface.TestRestfulInterface_mypush_xmppResource_a_lot" name="test_push_check_response_status[226]" time="0.099" />
  <testcase classname="net.synergyinfo.mypush.test.restInterface.TestRestfulInterface_mypush_xmppResource_a_lot" name="test_push_check_response_status[227]" time="0.083" />
  <testcase classname="net.synergyinfo.mypush.test.restInterface.TestRestfulInterface_mypush_xmppResource_a_lot" name="test_push_check_response_status[228]" time="0.093" />
  <testcase classname="net.synergyinfo.mypush.test.restInterface.TestRestfulInterface_mypush_xmppResource_a_lot" name="test_push_check_response_status[229]" time="0.081" />
  <testcase classname="net.synergyinfo.mypush.test.restInterface.TestRestfulInterface_mypush_xmppResource_a_lot" name="test_push_check_response_status[230]" time="0.083" />
  <testcase classname="net.synergyinfo.mypush.test.restInterface.TestRestfulInterface_mypush_xmppResource_a_lot" name="test_push_check_response_status[231]" time="0.083" />
  <testcase classname="net.synergyinfo.mypush.test.restInterface.TestRestfulInterface_mypush_xmppResource_a_lot" name="test_push_check_response_status[232]" time="0.298" />
  <testcase classname="net.synergyinfo.mypush.test.restInterface.TestRestfulInterface_mypush_xmppResource_a_lot" name="test_push_check_response_status[233]" time="0.084" />
  <testcase classname="net.synergyinfo.mypush.test.restInterface.TestRestfulInterface_mypush_xmppResource_a_lot" name="test_push_check_response_status[234]" time="0.086" />
  <testcase classname="net.synergyinfo.mypush.test.restInterface.TestRestfulInterface_mypush_xmppResource_a_lot" name="test_push_check_response_status[235]" time="0.089" />
  <testcase classname="net.synergyinfo.mypush.test.restInterface.TestRestfulInterface_mypush_xmppResource_a_lot" name="test_push_check_response_status[236]" time="0.083" />
  <testcase classname="net.synergyinfo.mypush.test.restInterface.TestRestfulInterface_mypush_xmppResource_a_lot" name="test_push_check_response_status[237]" time="0.083" />
  <testcase classname="net.synergyinfo.mypush.test.restInterface.TestRestfulInterface_mypush_xmppResource_a_lot" name="test_push_check_response_status[238]" time="0.084" />
  <testcase classname="net.synergyinfo.mypush.test.restInterface.TestRestfulInterface_mypush_xmppResource_a_lot" name="test_push_check_response_status[239]" time="0.099" />
  <testcase classname="net.synergyinfo.mypush.test.restInterface.TestRestfulInterface_mypush_xmppResource_a_lot" name="test_push_check_response_status[240]" time="0.084" />
  <testcase classname="net.synergyinfo.mypush.test.restInterface.TestRestfulInterface_mypush_xmppResource_a_lot" name="test_push_check_response_status[241]" time="0.086" />
  <testcase classname="net.synergyinfo.mypush.test.restInterface.TestRestfulInterface_mypush_xmppResource_a_lot" name="test_push_check_response_status[242]" time="0.091" />
  <testcase classname="net.synergyinfo.mypush.test.restInterface.TestRestfulInterface_mypush_xmppResource_a_lot" name="test_push_check_response_status[243]" time="0.116" />
  <testcase classname="net.synergyinfo.mypush.test.restInterface.TestRestfulInterface_mypush_xmppResource_a_lot" name="test_push_check_response_status[244]" time="0.084" />
  <testcase classname="net.synergyinfo.mypush.test.restInterface.TestRestfulInterface_mypush_xmppResource_a_lot" name="test_push_check_response_status[245]" time="0.082" />
  <testcase classname="net.synergyinfo.mypush.test.restInterface.TestRestfulInterface_mypush_xmppResource_a_lot" name="test_push_check_response_status[246]" time="0.075" />
  <testcase classname="net.synergyinfo.mypush.test.restInterface.TestRestfulInterface_mypush_xmppResource_a_lot" name="test_push_check_response_status[247]" time="0.082" />
  <testcase classname="net.synergyinfo.mypush.test.restInterface.TestRestfulInterface_mypush_xmppResource_a_lot" name="test_push_check_response_status[248]" time="0.084" />
  <testcase classname="net.synergyinfo.mypush.test.restInterface.TestRestfulInterface_mypush_xmppResource_a_lot" name="test_push_check_response_status[249]" time="0.602" />
  <testcase classname="net.synergyinfo.mypush.test.restInterface.TestRestfulInterface_mypush_xmppResource_a_lot" name="test_push_check_response_status[250]" time="0.105" />
  <testcase classname="net.synergyinfo.mypush.test.restInterface.TestRestfulInterface_mypush_xmppResource_a_lot" name="test_push_check_response_status[251]" time="0.102" />
  <testcase classname="net.synergyinfo.mypush.test.restInterface.TestRestfulInterface_mypush_xmppResource_a_lot" name="test_push_check_response_status[252]" time="0.089" />
  <testcase classname="net.synergyinfo.mypush.test.restInterface.TestRestfulInterface_mypush_xmppResource_a_lot" name="test_push_check_response_status[253]" time="0.092" />
  <testcase classname="net.synergyinfo.mypush.test.restInterface.TestRestfulInterface_mypush_xmppResource_a_lot" name="test_push_check_response_status[254]" time="0.083" />
  <testcase classname="net.synergyinfo.mypush.test.restInterface.TestRestfulInterface_mypush_xmppResource_a_lot" name="test_push_check_response_status[255]" time="0.093" />
  <testcase classname="net.synergyinfo.mypush.test.restInterface.TestRestfulInterface_mypush_xmppResource_a_lot" name="test_push_check_response_status[256]" time="0.131" />
  <testcase classname="net.synergyinfo.mypush.test.restInterface.TestRestfulInterface_mypush_xmppResource_a_lot" name="test_push_check_response_status[257]" time="0.092" />
  <testcase classname="net.synergyinfo.mypush.test.restInterface.TestRestfulInterface_mypush_xmppResource_a_lot" name="test_push_check_response_status[258]" time="0.091" />
  <testcase classname="net.synergyinfo.mypush.test.restInterface.TestRestfulInterface_mypush_xmppResource_a_lot" name="test_push_check_response_status[259]" time="0.083" />
  <testcase classname="net.synergyinfo.mypush.test.restInterface.TestRestfulInterface_mypush_xmppResource_a_lot" name="test_push_check_response_status[260]" time="0.099" />
  <testcase classname="net.synergyinfo.mypush.test.restInterface.TestRestfulInterface_mypush_xmppResource_a_lot" name="test_push_check_response_status[261]" time="0.092" />
  <testcase classname="net.synergyinfo.mypush.test.restInterface.TestRestfulInterface_mypush_xmppResource_a_lot" name="test_push_check_response_status[262]" time="0.083" />
  <testcase classname="net.synergyinfo.mypush.test.restInterface.TestRestfulInterface_mypush_xmppResource_a_lot" name="test_push_check_response_status[263]" time="0.092" />
  <testcase classname="net.synergyinfo.mypush.test.restInterface.TestRestfulInterface_mypush_xmppResource_a_lot" name="test_push_check_response_status[264]" time="0.083" />
  <testcase classname="net.synergyinfo.mypush.test.restInterface.TestRestfulInterface_mypush_xmppResource_a_lot" name="test_push_check_response_status[265]" time="0.074" />
  <testcase classname="net.synergyinfo.mypush.test.restInterface.TestRestfulInterface_mypush_xmppResource_a_lot" name="test_push_check_response_status[266]" time="0.083" />
  <testcase classname="net.synergyinfo.mypush.test.restInterface.TestRestfulInterface_mypush_xmppResource_a_lot" name="test_push_check_response_status[267]" time="0.085" />
  <testcase classname="net.synergyinfo.mypush.test.restInterface.TestRestfulInterface_mypush_xmppResource_a_lot" name="test_push_check_response_status[268]" time="0.113" />
  <testcase classname="net.synergyinfo.mypush.test.restInterface.TestRestfulInterface_mypush_xmppResource_a_lot" name="test_push_check_response_status[269]" time="0.084" />
  <testcase classname="net.synergyinfo.mypush.test.restInterface.TestRestfulInterface_mypush_xmppResource_a_lot" name="test_push_check_response_status[270]" time="0.074" />
  <testcase classname="net.synergyinfo.mypush.test.restInterface.TestRestfulInterface_mypush_xmppResource_a_lot" name="test_push_check_response_status[271]" time="0.092" />
  <testcase classname="net.synergyinfo.mypush.test.restInterface.TestRestfulInterface_mypush_xmppResource_a_lot" name="test_push_check_response_status[272]" time="0.091" />
  <testcase classname="net.synergyinfo.mypush.test.restInterface.TestRestfulInterface_mypush_xmppResource_a_lot" name="test_push_check_response_status[273]" time="0.098" />
  <testcase classname="net.synergyinfo.mypush.test.restInterface.TestRestfulInterface_mypush_xmppResource_a_lot" name="test_push_check_response_status[274]" time="0.075" />
  <testcase classname="net.synergyinfo.mypush.test.restInterface.TestRestfulInterface_mypush_xmppResource_a_lot" name="test_push_check_response_status[275]" time="0.114" />
  <testcase classname="net.synergyinfo.mypush.test.restInterface.TestRestfulInterface_mypush_xmppResource_a_lot" name="test_push_check_response_status[276]" time="0.061" />
  <testcase classname="net.synergyinfo.mypush.test.restInterface.TestRestfulInterface_mypush_xmppResource_a_lot" name="test_push_check_response_status[277]" time="0.081" />
  <testcase classname="net.synergyinfo.mypush.test.restInterface.TestRestfulInterface_mypush_xmppResource_a_lot" name="test_push_check_response_status[278]" time="0.083" />
  <testcase classname="net.synergyinfo.mypush.test.restInterface.TestRestfulInterface_mypush_xmppResource_a_lot" name="test_push_check_response_status[279]" time="0.085" />
  <testcase classname="net.synergyinfo.mypush.test.restInterface.TestRestfulInterface_mypush_xmppResource_a_lot" name="test_push_check_response_status[280]" time="0.08" />
  <testcase classname="net.synergyinfo.mypush.test.restInterface.TestRestfulInterface_mypush_xmppResource_a_lot" name="test_push_check_response_status[281]" time="0.083" />
  <testcase classname="net.synergyinfo.mypush.test.restInterface.TestRestfulInterface_mypush_xmppResource_a_lot" name="test_push_check_response_status[282]" time="0.084" />
  <testcase classname="net.synergyinfo.mypush.test.restInterface.TestRestfulInterface_mypush_xmppResource_a_lot" name="test_push_check_response_status[283]" time="0.091" />
  <testcase classname="net.synergyinfo.mypush.test.restInterface.TestRestfulInterface_mypush_xmppResource_a_lot" name="test_push_check_response_status[284]" time="0.082" />
  <testcase classname="net.synergyinfo.mypush.test.restInterface.TestRestfulInterface_mypush_xmppResource_a_lot" name="test_push_check_response_status[285]" time="0.075" />
  <testcase classname="net.synergyinfo.mypush.test.restInterface.TestRestfulInterface_mypush_xmppResource_a_lot" name="test_push_check_response_status[286]" time="0.091" />
  <testcase classname="net.synergyinfo.mypush.test.restInterface.TestRestfulInterface_mypush_xmppResource_a_lot" name="test_push_check_response_status[287]" time="0.091" />
  <testcase classname="net.synergyinfo.mypush.test.restInterface.TestRestfulInterface_mypush_xmppResource_a_lot" name="test_push_check_response_status[288]" time="0.083" />
  <testcase classname="net.synergyinfo.mypush.test.restInterface.TestRestfulInterface_mypush_xmppResource_a_lot" name="test_push_check_response_status[289]" time="0.091" />
  <testcase classname="net.synergyinfo.mypush.test.restInterface.TestRestfulInterface_mypush_xmppResource_a_lot" name="test_push_check_response_status[290]" time="0.133" />
  <testcase classname="net.synergyinfo.mypush.test.restInterface.TestRestfulInterface_mypush_xmppResource_a_lot" name="test_push_check_response_status[291]" time="0.099" />
  <testcase classname="net.synergyinfo.mypush.test.restInterface.TestRestfulInterface_mypush_xmppResource_a_lot" name="test_push_check_response_status[292]" time="0.09" />
  <testcase classname="net.synergyinfo.mypush.test.restInterface.TestRestfulInterface_mypush_xmppResource_a_lot" name="test_push_check_response_status[293]" time="0.141" />
  <testcase classname="net.synergyinfo.mypush.test.restInterface.TestRestfulInterface_mypush_xmppResource_a_lot" name="test_push_check_response_status[294]" time="0.082" />
  <testcase classname="net.synergyinfo.mypush.test.restInterface.TestRestfulInterface_mypush_xmppResource_a_lot" name="test_push_check_response_status[295]" time="0.083" />
  <testcase classname="net.synergyinfo.mypush.test.restInterface.TestRestfulInterface_mypush_xmppResource_a_lot" name="test_push_check_response_status[296]" time="0.084" />
  <testcase classname="net.synergyinfo.mypush.test.restInterface.TestRestfulInterface_mypush_xmppResource_a_lot" name="test_push_check_response_status[297]" time="0.081" />
  <testcase classname="net.synergyinfo.mypush.test.restInterface.TestRestfulInterface_mypush_xmppResource_a_lot" name="test_push_check_response_status[298]" time="0.083" />
  <testcase classname="net.synergyinfo.mypush.test.restInterface.TestRestfulInterface_mypush_xmppResource_a_lot" name="test_push_check_response_status[299]" time="0.083" />
  <testcase classname="net.synergyinfo.mypush.test.restInterface.TestRestfulInterface_mypush_xmppResource_a_lot" name="test_push_check_response_status[300]" time="0.083" />
  <testcase classname="net.synergyinfo.mypush.test.restInterface.TestRestfulInterface_mypush_xmppResource_a_lot" name="test_push_check_response_status[301]" time="0.083" />
  <testcase classname="net.synergyinfo.mypush.test.restInterface.TestRestfulInterface_mypush_xmppResource_a_lot" name="test_push_check_response_status[302]" time="0.109" />
  <testcase classname="net.synergyinfo.mypush.test.restInterface.TestRestfulInterface_mypush_xmppResource_a_lot" name="test_push_check_response_status[303]" time="0.082" />
  <testcase classname="net.synergyinfo.mypush.test.restInterface.TestRestfulInterface_mypush_xmppResource_a_lot" name="test_push_check_response_status[304]" time="0.091" />
  <testcase classname="net.synergyinfo.mypush.test.restInterface.TestRestfulInterface_mypush_xmppResource_a_lot" name="test_push_check_response_status[305]" time="0.092" />
  <testcase classname="net.synergyinfo.mypush.test.restInterface.TestRestfulInterface_mypush_xmppResource_a_lot" name="test_push_check_response_status[306]" time="0.091" />
  <testcase classname="net.synergyinfo.mypush.test.restInterface.TestRestfulInterface_mypush_xmppResource_a_lot" name="test_push_check_response_status[307]" time="0.083" />
  <testcase classname="net.synergyinfo.mypush.test.restInterface.TestRestfulInterface_mypush_xmppResource_a_lot" name="test_push_check_response_status[308]" time="0.09" />
  <testcase classname="net.synergyinfo.mypush.test.restInterface.TestRestfulInterface_mypush_xmppResource_a_lot" name="test_push_check_response_status[309]" time="0.083" />
  <testcase classname="net.synergyinfo.mypush.test.restInterface.TestRestfulInterface_mypush_xmppResource_a_lot" name="test_push_check_response_status[310]" time="0.083" />
  <testcase classname="net.synergyinfo.mypush.test.restInterface.TestRestfulInterface_mypush_xmppResource_a_lot" name="test_push_check_response_status[311]" time="0.083" />
  <testcase classname="net.synergyinfo.mypush.test.restInterface.TestRestfulInterface_mypush_xmppResource_a_lot" name="test_push_check_response_status[312]" time="0.101" />
  <testcase classname="net.synergyinfo.mypush.test.restInterface.TestRestfulInterface_mypush_xmppResource_a_lot" name="test_push_check_response_status[313]" time="0.09" />
  <testcase classname="net.synergyinfo.mypush.test.restInterface.TestRestfulInterface_mypush_xmppResource_a_lot" name="test_push_check_response_status[314]" time="0.083" />
  <testcase classname="net.synergyinfo.mypush.test.restInterface.TestRestfulInterface_mypush_xmppResource_a_lot" name="test_push_check_response_status[315]" time="0.083" />
  <testcase classname="net.synergyinfo.mypush.test.restInterface.TestRestfulInterface_mypush_xmppResource_a_lot" name="test_push_check_response_status[316]" time="0.092" />
  <testcase classname="net.synergyinfo.mypush.test.restInterface.TestRestfulInterface_mypush_xmppResource_a_lot" name="test_push_check_response_status[317]" time="0.083" />
  <testcase classname="net.synergyinfo.mypush.test.restInterface.TestRestfulInterface_mypush_xmppResource_a_lot" name="test_push_check_response_status[318]" time="0.083" />
  <testcase classname="net.synergyinfo.mypush.test.restInterface.TestRestfulInterface_mypush_xmppResource_a_lot" name="test_push_check_response_status[319]" time="0.084" />
  <testcase classname="net.synergyinfo.mypush.test.restInterface.TestRestfulInterface_mypush_xmppResource_a_lot" name="test_push_check_response_status[320]" time="0.083" />
  <testcase classname="net.synergyinfo.mypush.test.restInterface.TestRestfulInterface_mypush_xmppResource_a_lot" name="test_push_check_response_status[321]" time="0.075" />
  <testcase classname="net.synergyinfo.mypush.test.restInterface.TestRestfulInterface_mypush_xmppResource_a_lot" name="test_push_check_response_status[322]" time="0.084" />
  <testcase classname="net.synergyinfo.mypush.test.restInterface.TestRestfulInterface_mypush_xmppResource_a_lot" name="test_push_check_response_status[323]" time="0.083" />
  <testcase classname="net.synergyinfo.mypush.test.restInterface.TestRestfulInterface_mypush_xmppResource_a_lot" name="test_push_check_response_status[324]" time="0.12" />
  <testcase classname="net.synergyinfo.mypush.test.restInterface.TestRestfulInterface_mypush_xmppResource_a_lot" name="test_push_check_response_status[325]" time="0.096" />
  <testcase classname="net.synergyinfo.mypush.test.restInterface.TestRestfulInterface_mypush_xmppResource_a_lot" name="test_push_check_response_status[326]" time="0.082" />
  <testcase classname="net.synergyinfo.mypush.test.restInterface.TestRestfulInterface_mypush_xmppResource_a_lot" name="test_push_check_response_status[327]" time="0.083" />
  <testcase classname="net.synergyinfo.mypush.test.restInterface.TestRestfulInterface_mypush_xmppResource_a_lot" name="test_push_check_response_status[328]" time="0.108" />
  <testcase classname="net.synergyinfo.mypush.test.restInterface.TestRestfulInterface_mypush_xmppResource_a_lot" name="test_push_check_response_status[329]" time="0.083" />
  <testcase classname="net.synergyinfo.mypush.test.restInterface.TestRestfulInterface_mypush_xmppResource_a_lot" name="test_push_check_response_status[330]" time="0.084" />
  <testcase classname="net.synergyinfo.mypush.test.restInterface.TestRestfulInterface_mypush_xmppResource_a_lot" name="test_push_check_response_status[331]" time="0.092" />
  <testcase classname="net.synergyinfo.mypush.test.restInterface.TestRestfulInterface_mypush_xmppResource_a_lot" name="test_push_check_response_status[332]" time="0.083" />
  <testcase classname="net.synergyinfo.mypush.test.restInterface.TestRestfulInterface_mypush_xmppResource_a_lot" name="test_push_check_response_status[333]" time="0.084" />
  <testcase classname="net.synergyinfo.mypush.test.restInterface.TestRestfulInterface_mypush_xmppResource_a_lot" name="test_push_check_response_status[334]" time="0.091" />
  <testcase classname="net.synergyinfo.mypush.test.restInterface.TestRestfulInterface_mypush_xmppResource_a_lot" name="test_push_check_response_status[335]" time="0.083" />
  <testcase classname="net.synergyinfo.mypush.test.restInterface.TestRestfulInterface_mypush_xmppResource_a_lot" name="test_push_check_response_status[336]" time="0.091" />
  <testcase classname="net.synergyinfo.mypush.test.restInterface.TestRestfulInterface_mypush_xmppResource_a_lot" name="test_push_check_response_status[337]" time="0.084" />
  <testcase classname="net.synergyinfo.mypush.test.restInterface.TestRestfulInterface_mypush_xmppResource_a_lot" name="test_push_check_response_status[338]" time="0.09" />
  <testcase classname="net.synergyinfo.mypush.test.restInterface.TestRestfulInterface_mypush_xmppResource_a_lot" name="test_push_check_response_status[339]" time="0.091" />
  <testcase classname="net.synergyinfo.mypush.test.restInterface.TestRestfulInterface_mypush_xmppResource_a_lot" name="test_push_check_response_status[340]" time="0.083" />
  <testcase classname="net.synergyinfo.mypush.test.restInterface.TestRestfulInterface_mypush_xmppResource_a_lot" name="test_push_check_response_status[341]" time="0.086" />
  <testcase classname="net.synergyinfo.mypush.test.restInterface.TestRestfulInterface_mypush_xmppResource_a_lot" name="test_push_check_response_status[342]" time="0.08" />
  <testcase classname="net.synergyinfo.mypush.test.restInterface.TestRestfulInterface_mypush_xmppResource_a_lot" name="test_push_check_response_status[343]" time="0.084" />
  <testcase classname="net.synergyinfo.mypush.test.restInterface.TestRestfulInterface_mypush_xmppResource_a_lot" name="test_push_check_response_status[344]" time="0.083" />
  <testcase classname="net.synergyinfo.mypush.test.restInterface.TestRestfulInterface_mypush_xmppResource_a_lot" name="test_push_check_response_status[345]" time="0.082" />
  <testcase classname="net.synergyinfo.mypush.test.restInterface.TestRestfulInterface_mypush_xmppResource_a_lot" name="test_push_check_response_status[346]" time="0.082" />
  <testcase classname="net.synergyinfo.mypush.test.restInterface.TestRestfulInterface_mypush_xmppResource_a_lot" name="test_push_check_response_status[347]" time="0.092" />
  <testcase classname="net.synergyinfo.mypush.test.restInterface.TestRestfulInterface_mypush_xmppResource_a_lot" name="test_push_check_response_status[348]" time="0.084" />
  <testcase classname="net.synergyinfo.mypush.test.restInterface.TestRestfulInterface_mypush_xmppResource_a_lot" name="test_push_check_response_status[349]" time="0.084" />
  <testcase classname="net.synergyinfo.mypush.test.restInterface.TestRestfulInterface_mypush_xmppResource_a_lot" name="test_push_check_response_status[350]" time="0.083" />
  <testcase classname="net.synergyinfo.mypush.test.restInterface.TestRestfulInterface_mypush_xmppResource_a_lot" name="test_push_check_response_status[351]" time="0.075" />
  <testcase classname="net.synergyinfo.mypush.test.restInterface.TestRestfulInterface_mypush_xmppResource_a_lot" name="test_push_check_response_status[352]" time="0.092" />
  <testcase classname="net.synergyinfo.mypush.test.restInterface.TestRestfulInterface_mypush_xmppResource_a_lot" name="test_push_check_response_status[353]" time="0.091" />
  <testcase classname="net.synergyinfo.mypush.test.restInterface.TestRestfulInterface_mypush_xmppResource_a_lot" name="test_push_check_response_status[354]" time="0.091" />
  <testcase classname="net.synergyinfo.mypush.test.restInterface.TestRestfulInterface_mypush_xmppResource_a_lot" name="test_push_check_response_status[355]" time="0.091" />
  <testcase classname="net.synergyinfo.mypush.test.restInterface.TestRestfulInterface_mypush_xmppResource_a_lot" name="test_push_check_response_status[356]" time="0.075" />
  <testcase classname="net.synergyinfo.mypush.test.restInterface.TestRestfulInterface_mypush_xmppResource_a_lot" name="test_push_check_response_status[357]" time="0.092" />
  <testcase classname="net.synergyinfo.mypush.test.restInterface.TestRestfulInterface_mypush_xmppResource_a_lot" name="test_push_check_response_status[358]" time="0.091" />
  <testcase classname="net.synergyinfo.mypush.test.restInterface.TestRestfulInterface_mypush_xmppResource_a_lot" name="test_push_check_response_status[359]" time="0.091" />
  <testcase classname="net.synergyinfo.mypush.test.restInterface.TestRestfulInterface_mypush_xmppResource_a_lot" name="test_push_check_response_status[360]" time="0.083" />
  <testcase classname="net.synergyinfo.mypush.test.restInterface.TestRestfulInterface_mypush_xmppResource_a_lot" name="test_push_check_response_status[361]" time="0.083" />
  <testcase classname="net.synergyinfo.mypush.test.restInterface.TestRestfulInterface_mypush_xmppResource_a_lot" name="test_push_check_response_status[362]" time="0.1" />
  <testcase classname="net.synergyinfo.mypush.test.restInterface.TestRestfulInterface_mypush_xmppResource_a_lot" name="test_push_check_response_status[363]" time="0.083" />
  <testcase classname="net.synergyinfo.mypush.test.restInterface.TestRestfulInterface_mypush_xmppResource_a_lot" name="test_push_check_response_status[364]" time="0.083" />
  <testcase classname="net.synergyinfo.mypush.test.restInterface.TestRestfulInterface_mypush_xmppResource_a_lot" name="test_push_check_response_status[365]" time="0.075" />
  <testcase classname="net.synergyinfo.mypush.test.restInterface.TestRestfulInterface_mypush_xmppResource_a_lot" name="test_push_check_response_status[366]" time="0.084" />
  <testcase classname="net.synergyinfo.mypush.test.restInterface.TestRestfulInterface_mypush_xmppResource_a_lot" name="test_push_check_response_status[367]" time="0.091" />
  <testcase classname="net.synergyinfo.mypush.test.restInterface.TestRestfulInterface_mypush_xmppResource_a_lot" name="test_push_check_response_status[368]" time="0.092" />
  <testcase classname="net.synergyinfo.mypush.test.restInterface.TestRestfulInterface_mypush_xmppResource_a_lot" name="test_push_check_response_status[369]" time="0.083" />
  <testcase classname="net.synergyinfo.mypush.test.restInterface.TestRestfulInterface_mypush_xmppResource_a_lot" name="test_push_check_response_status[370]" time="0.099" />
  <testcase classname="net.synergyinfo.mypush.test.restInterface.TestRestfulInterface_mypush_xmppResource_a_lot" name="test_push_check_response_status[371]" time="0.091" />
  <testcase classname="net.synergyinfo.mypush.test.restInterface.TestRestfulInterface_mypush_xmppResource_a_lot" name="test_push_check_response_status[372]" time="0.083" />
  <testcase classname="net.synergyinfo.mypush.test.restInterface.TestRestfulInterface_mypush_xmppResource_a_lot" name="test_push_check_response_status[373]" time="0.083" />
  <testcase classname="net.synergyinfo.mypush.test.restInterface.TestRestfulInterface_mypush_xmppResource_a_lot" name="test_push_check_response_status[374]" time="0.083" />
  <testcase classname="net.synergyinfo.mypush.test.restInterface.TestRestfulInterface_mypush_xmppResource_a_lot" name="test_push_check_response_status[375]" time="0.083" />
  <testcase classname="net.synergyinfo.mypush.test.restInterface.TestRestfulInterface_mypush_xmppResource_a_lot" name="test_push_check_response_status[376]" time="0.092" />
  <testcase classname="net.synergyinfo.mypush.test.restInterface.TestRestfulInterface_mypush_xmppResource_a_lot" name="test_push_check_response_status[377]" time="0.1" />
  <testcase classname="net.synergyinfo.mypush.test.restInterface.TestRestfulInterface_mypush_xmppResource_a_lot" name="test_push_check_response_status[378]" time="0.083" />
  <testcase classname="net.synergyinfo.mypush.test.restInterface.TestRestfulInterface_mypush_xmppResource_a_lot" name="test_push_check_response_status[379]" time="0.082" />
  <testcase classname="net.synergyinfo.mypush.test.restInterface.TestRestfulInterface_mypush_xmppResource_a_lot" name="test_push_check_response_status[380]" time="0.083" />
  <testcase classname="net.synergyinfo.mypush.test.restInterface.TestRestfulInterface_mypush_xmppResource_a_lot" name="test_push_check_response_status[381]" time="0.083" />
  <testcase classname="net.synergyinfo.mypush.test.restInterface.TestRestfulInterface_mypush_xmppResource_a_lot" name="test_push_check_response_status[382]" time="0.116" />
  <testcase classname="net.synergyinfo.mypush.test.restInterface.TestRestfulInterface_mypush_xmppResource_a_lot" name="test_push_check_response_status[383]" time="0.084" />
  <testcase classname="net.synergyinfo.mypush.test.restInterface.TestRestfulInterface_mypush_xmppResource_a_lot" name="test_push_check_response_status[384]" time="0.091" />
  <testcase classname="net.synergyinfo.mypush.test.restInterface.TestRestfulInterface_mypush_xmppResource_a_lot" name="test_push_check_response_status[385]" time="0.091" />
  <testcase classname="net.synergyinfo.mypush.test.restInterface.TestRestfulInterface_mypush_xmppResource_a_lot" name="test_push_check_response_status[386]" time="0.099" />
  <testcase classname="net.synergyinfo.mypush.test.restInterface.TestRestfulInterface_mypush_xmppResource_a_lot" name="test_push_check_response_status[387]" time="0.091" />
  <testcase classname="net.synergyinfo.mypush.test.restInterface.TestRestfulInterface_mypush_xmppResource_a_lot" name="test_push_check_response_status[388]" time="0.091" />
  <testcase classname="net.synergyinfo.mypush.test.restInterface.TestRestfulInterface_mypush_xmppResource_a_lot" name="test_push_check_response_status[389]" time="0.1" />
  <testcase classname="net.synergyinfo.mypush.test.restInterface.TestRestfulInterface_mypush_xmppResource_a_lot" name="test_push_check_response_status[390]" time="0.091" />
  <testcase classname="net.synergyinfo.mypush.test.restInterface.TestRestfulInterface_mypush_xmppResource_a_lot" name="test_push_check_response_status[391]" time="0.083" />
  <testcase classname="net.synergyinfo.mypush.test.restInterface.TestRestfulInterface_mypush_xmppResource_a_lot" name="test_push_check_response_status[392]" time="0.104" />
  <testcase classname="net.synergyinfo.mypush.test.restInterface.TestRestfulInterface_mypush_xmppResource_a_lot" name="test_push_check_response_status[393]" time="0.083" />
  <testcase classname="net.synergyinfo.mypush.test.restInterface.TestRestfulInterface_mypush_xmppResource_a_lot" name="test_push_check_response_status[394]" time="0.091" />
  <testcase classname="net.synergyinfo.mypush.test.restInterface.TestRestfulInterface_mypush_xmppResource_a_lot" name="test_push_check_response_status[395]" time="0.079" />
  <testcase classname="net.synergyinfo.mypush.test.restInterface.TestRestfulInterface_mypush_xmppResource_a_lot" name="test_push_check_response_status[396]" time="0.092" />
  <testcase classname="net.synergyinfo.mypush.test.restInterface.TestRestfulInterface_mypush_xmppResource_a_lot" name="test_push_check_response_status[397]" time="0.083" />
  <testcase classname="net.synergyinfo.mypush.test.restInterface.TestRestfulInterface_mypush_xmppResource_a_lot" name="test_push_check_response_status[398]" time="0.083" />
  <testcase classname="net.synergyinfo.mypush.test.restInterface.TestRestfulInterface_mypush_xmppResource_a_lot" name="test_push_check_response_status[399]" time="0.099" />
  <testcase classname="net.synergyinfo.mypush.test.restInterface.TestRestfulInterface_mypush_xmppResource_a_lot" name="test_push_check_response_status[400]" time="0.092" />
  <testcase classname="net.synergyinfo.mypush.test.restInterface.TestRestfulInterface_mypush_xmppResource_a_lot" name="test_push_check_response_status[401]" time="0.082" />
  <testcase classname="net.synergyinfo.mypush.test.restInterface.TestRestfulInterface_mypush_xmppResource_a_lot" name="test_push_check_response_status[402]" time="0.091" />
  <testcase classname="net.synergyinfo.mypush.test.restInterface.TestRestfulInterface_mypush_xmppResource_a_lot" name="test_push_check_response_status[403]" time="0.083" />
  <testcase classname="net.synergyinfo.mypush.test.restInterface.TestRestfulInterface_mypush_xmppResource_a_lot" name="test_push_check_response_status[404]" time="0.084" />
  <testcase classname="net.synergyinfo.mypush.test.restInterface.TestRestfulInterface_mypush_xmppResource_a_lot" name="test_push_check_response_status[405]" time="0.091" />
  <testcase classname="net.synergyinfo.mypush.test.restInterface.TestRestfulInterface_mypush_xmppResource_a_lot" name="test_push_check_response_status[406]" time="0.083" />
  <testcase classname="net.synergyinfo.mypush.test.restInterface.TestRestfulInterface_mypush_xmppResource_a_lot" name="test_push_check_response_status[407]" time="0.083" />
  <testcase classname="net.synergyinfo.mypush.test.restInterface.TestRestfulInterface_mypush_xmppResource_a_lot" name="test_push_check_response_status[408]" time="0.083" />
  <testcase classname="net.synergyinfo.mypush.test.restInterface.TestRestfulInterface_mypush_xmppResource_a_lot" name="test_push_check_response_status[409]" time="0.101" />
  <testcase classname="net.synergyinfo.mypush.test.restInterface.TestRestfulInterface_mypush_xmppResource_a_lot" name="test_push_check_response_status[410]" time="0.1" />
  <testcase classname="net.synergyinfo.mypush.test.restInterface.TestRestfulInterface_mypush_xmppResource_a_lot" name="test_push_check_response_status[411]" time="0.081" />
  <testcase classname="net.synergyinfo.mypush.test.restInterface.TestRestfulInterface_mypush_xmppResource_a_lot" name="test_push_check_response_status[412]" time="0.083" />
  <testcase classname="net.synergyinfo.mypush.test.restInterface.TestRestfulInterface_mypush_xmppResource_a_lot" name="test_push_check_response_status[413]" time="0.092" />
  <testcase classname="net.synergyinfo.mypush.test.restInterface.TestRestfulInterface_mypush_xmppResource_a_lot" name="test_push_check_response_status[414]" time="0.091" />
  <testcase classname="net.synergyinfo.mypush.test.restInterface.TestRestfulInterface_mypush_xmppResource_a_lot" name="test_push_check_response_status[415]" time="0.182" />
  <testcase classname="net.synergyinfo.mypush.test.restInterface.TestRestfulInterface_mypush_xmppResource_a_lot" name="test_push_check_response_status[416]" time="0.083" />
  <testcase classname="net.synergyinfo.mypush.test.restInterface.TestRestfulInterface_mypush_xmppResource_a_lot" name="test_push_check_response_status[417]" time="0.091" />
  <testcase classname="net.synergyinfo.mypush.test.restInterface.TestRestfulInterface_mypush_xmppResource_a_lot" name="test_push_check_response_status[418]" time="0.091" />
  <testcase classname="net.synergyinfo.mypush.test.restInterface.TestRestfulInterface_mypush_xmppResource_a_lot" name="test_push_check_response_status[419]" time="0.083" />
  <testcase classname="net.synergyinfo.mypush.test.restInterface.TestRestfulInterface_mypush_xmppResource_a_lot" name="test_push_check_response_status[420]" time="0.083" />
  <testcase classname="net.synergyinfo.mypush.test.restInterface.TestRestfulInterface_mypush_xmppResource_a_lot" name="test_push_check_response_status[421]" time="0.083" />
  <testcase classname="net.synergyinfo.mypush.test.restInterface.TestRestfulInterface_mypush_xmppResource_a_lot" name="test_push_check_response_status[422]" time="0.084" />
  <testcase classname="net.synergyinfo.mypush.test.restInterface.TestRestfulInterface_mypush_xmppResource_a_lot" name="test_push_check_response_status[423]" time="0.092" />
  <testcase classname="net.synergyinfo.mypush.test.restInterface.TestRestfulInterface_mypush_xmppResource_a_lot" name="test_push_check_response_status[424]" time="0.083" />
  <testcase classname="net.synergyinfo.mypush.test.restInterface.TestRestfulInterface_mypush_xmppResource_a_lot" name="test_push_check_response_status[425]" time="0.085" />
  <testcase classname="net.synergyinfo.mypush.test.restInterface.TestRestfulInterface_mypush_xmppResource_a_lot" name="test_push_check_response_status[426]" time="0.091" />
  <testcase classname="net.synergyinfo.mypush.test.restInterface.TestRestfulInterface_mypush_xmppResource_a_lot" name="test_push_check_response_status[427]" time="0.09" />
  <testcase classname="net.synergyinfo.mypush.test.restInterface.TestRestfulInterface_mypush_xmppResource_a_lot" name="test_push_check_response_status[428]" time="0.083" />
  <testcase classname="net.synergyinfo.mypush.test.restInterface.TestRestfulInterface_mypush_xmppResource_a_lot" name="test_push_check_response_status[429]" time="0.083" />
  <testcase classname="net.synergyinfo.mypush.test.restInterface.TestRestfulInterface_mypush_xmppResource_a_lot" name="test_push_check_response_status[430]" time="0.082" />
  <testcase classname="net.synergyinfo.mypush.test.restInterface.TestRestfulInterface_mypush_xmppResource_a_lot" name="test_push_check_response_status[431]" time="0.092" />
  <testcase classname="net.synergyinfo.mypush.test.restInterface.TestRestfulInterface_mypush_xmppResource_a_lot" name="test_push_check_response_status[432]" time="0.083" />
  <testcase classname="net.synergyinfo.mypush.test.restInterface.TestRestfulInterface_mypush_xmppResource_a_lot" name="test_push_check_response_status[433]" time="0.083" />
  <testcase classname="net.synergyinfo.mypush.test.restInterface.TestRestfulInterface_mypush_xmppResource_a_lot" name="test_push_check_response_status[434]" time="0.082" />
  <testcase classname="net.synergyinfo.mypush.test.restInterface.TestRestfulInterface_mypush_xmppResource_a_lot" name="test_push_check_response_status[435]" time="0.082" />
  <testcase classname="net.synergyinfo.mypush.test.restInterface.TestRestfulInterface_mypush_xmppResource_a_lot" name="test_push_check_response_status[436]" time="0.108" />
  <testcase classname="net.synergyinfo.mypush.test.restInterface.TestRestfulInterface_mypush_xmppResource_a_lot" name="test_push_check_response_status[437]" time="0.121" />
  <testcase classname="net.synergyinfo.mypush.test.restInterface.TestRestfulInterface_mypush_xmppResource_a_lot" name="test_push_check_response_status[438]" time="0.083" />
  <testcase classname="net.synergyinfo.mypush.test.restInterface.TestRestfulInterface_mypush_xmppResource_a_lot" name="test_push_check_response_status[439]" time="0.098" />
  <testcase classname="net.synergyinfo.mypush.test.restInterface.TestRestfulInterface_mypush_xmppResource_a_lot" name="test_push_check_response_status[440]" time="0.091" />
  <testcase classname="net.synergyinfo.mypush.test.restInterface.TestRestfulInterface_mypush_xmppResource_a_lot" name="test_push_check_response_status[441]" time="0.084" />
  <testcase classname="net.synergyinfo.mypush.test.restInterface.TestRestfulInterface_mypush_xmppResource_a_lot" name="test_push_check_response_status[442]" time="0.091" />
  <testcase classname="net.synergyinfo.mypush.test.restInterface.TestRestfulInterface_mypush_xmppResource_a_lot" name="test_push_check_response_status[443]" time="0.1" />
  <testcase classname="net.synergyinfo.mypush.test.restInterface.TestRestfulInterface_mypush_xmppResource_a_lot" name="test_push_check_response_status[444]" time="0.091" />
  <testcase classname="net.synergyinfo.mypush.test.restInterface.TestRestfulInterface_mypush_xmppResource_a_lot" name="test_push_check_response_status[445]" time="0.083" />
  <testcase classname="net.synergyinfo.mypush.test.restInterface.TestRestfulInterface_mypush_xmppResource_a_lot" name="test_push_check_response_status[446]" time="0.082" />
  <testcase classname="net.synergyinfo.mypush.test.restInterface.TestRestfulInterface_mypush_xmppResource_a_lot" name="test_push_check_response_status[447]" time="0.091" />
  <testcase classname="net.synergyinfo.mypush.test.restInterface.TestRestfulInterface_mypush_xmppResource_a_lot" name="test_push_check_response_status[448]" time="0.084" />
  <testcase classname="net.synergyinfo.mypush.test.restInterface.TestRestfulInterface_mypush_xmppResource_a_lot" name="test_push_check_response_status[449]" time="0.083" />
  <testcase classname="net.synergyinfo.mypush.test.restInterface.TestRestfulInterface_mypush_xmppResource_a_lot" name="test_push_check_response_status[450]" time="0.083" />
  <testcase classname="net.synergyinfo.mypush.test.restInterface.TestRestfulInterface_mypush_xmppResource_a_lot" name="test_push_check_response_status[451]" time="0.091" />
  <testcase classname="net.synergyinfo.mypush.test.restInterface.TestRestfulInterface_mypush_xmppResource_a_lot" name="test_push_check_response_status[452]" time="0.091" />
  <testcase classname="net.synergyinfo.mypush.test.restInterface.TestRestfulInterface_mypush_xmppResource_a_lot" name="test_push_check_response_status[453]" time="0.091" />
  <testcase classname="net.synergyinfo.mypush.test.restInterface.TestRestfulInterface_mypush_xmppResource_a_lot" name="test_push_check_response_status[454]" time="0.075" />
  <testcase classname="net.synergyinfo.mypush.test.restInterface.TestRestfulInterface_mypush_xmppResource_a_lot" name="test_push_check_response_status[455]" time="0.084" />
  <testcase classname="net.synergyinfo.mypush.test.restInterface.TestRestfulInterface_mypush_xmppResource_a_lot" name="test_push_check_response_status[456]" time="0.082" />
  <testcase classname="net.synergyinfo.mypush.test.restInterface.TestRestfulInterface_mypush_xmppResource_a_lot" name="test_push_check_response_status[457]" time="0.084" />
  <testcase classname="net.synergyinfo.mypush.test.restInterface.TestRestfulInterface_mypush_xmppResource_a_lot" name="test_push_check_response_status[458]" time="0.09" />
  <testcase classname="net.synergyinfo.mypush.test.restInterface.TestRestfulInterface_mypush_xmppResource_a_lot" name="test_push_check_response_status[459]" time="0.083" />
  <testcase classname="net.synergyinfo.mypush.test.restInterface.TestRestfulInterface_mypush_xmppResource_a_lot" name="test_push_check_response_status[460]" time="0.092" />
[...]
- Test resource for:xmpp
- test_push_check_response_status
- http://192.168.0.212/MyPush/resources/xmpp/push
- {"status":"ok","msg":"finished","id":"65fbc851b0aa4578a3a320c21655d46a"}
- Test resource for:xmpp
- test_push_check_response_status
- http://192.168.0.212/MyPush/resources/xmpp/push
- {"status":"ok","msg":"finished","id":"3931a12c926d4d318c4d11b7b5d4d1d9"}
- Test resource for:xmpp
- test_push_check_response_status
- http://192.168.0.212/MyPush/resources/xmpp/push
- {"status":"ok","msg":"finished","id":"1151613e219a44ff821eb4af23c81681"}
- Test resource for:xmpp
- test_push_check_response_status
- http://192.168.0.212/MyPush/resources/xmpp/push
- {"status":"ok","msg":"finished","id":"98026751368e4f69a9385fe3c637db14"}
- Test resource for:xmpp
- test_push_check_response_status
- http://192.168.0.212/MyPush/resources/xmpp/push
- {"status":"ok","msg":"finished","id":"9aac34b55d9d4f11af7051e339035998"}
- Test resource for:xmpp
- test_push_check_response_status
- http://192.168.0.212/MyPush/resources/xmpp/push
- {"status":"ok","msg":"finished","id":"48d70888a85c4447993f6959e138f7fc"}
- Test resource for:xmpp
- test_push_check_response_status
- http://192.168.0.212/MyPush/resources/xmpp/push
- {"status":"ok","msg":"finished","id":"79c4ed3fb2974352a1cd9532cf1a26c4"}
- Test resource for:xmpp
- test_push_check_response_status
- http://192.168.0.212/MyPush/resources/xmpp/push
- {"status":"ok","msg":"finished","id":"436acb98979b47d4b95c6b3efd1e4449"}
- Test resource for:xmpp
- test_push_check_response_status
- http://192.168.0.212/MyPush/resources/xmpp/push
- {"status":"ok","msg":"finished","id":"473e70baae0f4a599f8bce17a3b9c5a0"}
- Test resource for:xmpp
- test_push_check_response_status
- http://192.168.0.212/MyPush/resources/xmpp/push
- {"status":"ok","msg":"finished","id":"3cd539c8e49a4fbdb5e5b18c66143c93"}
- Test resource for:xmpp
- test_push_check_response_status
- http://192.168.0.212/MyPush/resources/xmpp/push
- {"status":"ok","msg":"finished","id":"de5977faa6b848e09d88812cfc5deb3c"}
- Test resource for:xmpp
- test_push_check_response_status
- http://192.168.0.212/MyPush/resources/xmpp/push
- {"status":"ok","msg":"finished","id":"816b63b7fda848669b57739d0b235877"}
- Test resource for:xmpp
- test_push_check_response_status
- http://192.168.0.212/MyPush/resources/xmpp/push
- {"status":"ok","msg":"finished","id":"1f754f080866423eb5254da1c0e46912"}
- Test resource for:xmpp
- test_push_check_response_status
- http://192.168.0.212/MyPush/resources/xmpp/push
- {"status":"ok","msg":"finished","id":"d555191e450f47538430f0fd93c0270a"}
- Test resource for:xmpp
- test_push_check_response_status
- http://192.168.0.212/MyPush/resources/xmpp/push
- {"status":"ok","msg":"finished","id":"bd658977b3de480a93c4603727a77fa5"}
- Test resource for:xmpp
- test_push_check_response_status
- http://192.168.0.212/MyPush/resources/xmpp/push
- {"status":"ok","msg":"finished","id":"cc0b177dbc964c3392e6a2bda66685a5"}
- Test resource for:xmpp
- test_push_check_response_status
- http://192.168.0.212/MyPush/resources/xmpp/push
- {"status":"ok","msg":"finished","id":"79526dcde5144b55b859dea94cd969ad"}
- Test resource for:xmpp
- test_push_check_response_status
- http://192.168.0.212/MyPush/resources/xmpp/push
- {"status":"ok","msg":"finished","id":"70ae45f6999f4408ab6a0814ff699afb"}
- Test resource for:xmpp
- test_push_check_response_status
- http://192.168.0.212/MyPush/resources/xmpp/push
- {"status":"ok","msg":"finished","id":"764fd3c6e0454af29217176089e6845b"}
- Test resource for:xmpp
- test_push_check_response_status
- http://192.168.0.212/MyPush/resources/xmpp/push
- {"status":"ok","msg":"finished","id":"574c1fc6f75b4febac0410783cc4eb23"}
- Test resource for:xmpp
- test_push_check_response_status
- http://192.168.0.212/MyPush/resources/xmpp/push
- {"status":"ok","msg":"finished","id":"519d1f1673ce4aad945f0466365b7eef"}
- Test resource for:xmpp
- test_push_check_response_status
- http://192.168.0.212/MyPush/resources/xmpp/push
- {"status":"ok","msg":"finished","id":"9bbf3f05434147ae90d522cf0d56f4a9"}
- Test resource for:xmpp
- test_push_check_response_status
- http://192.168.0.212/MyPush/resources/xmpp/push
- {"status":"ok","msg":"finished","id":"9ab8edfbb9ad4f1e8148b10c7caa5083"}
- Test resource for:xmpp
- test_push_check_response_status
- http://192.168.0.212/MyPush/resources/xmpp/push
- {"status":"ok","msg":"finished","id":"17cb809089f94b74aa22bf6dbb42c72f"}
- Test resource for:xmpp
- test_push_check_response_status
- http://192.168.0.212/MyPush/resources/xmpp/push
- {"status":"ok","msg":"finished","id":"29ea7ff90e9649e6a65ebc800a69f7e5"}
- Test resource for:xmpp
- test_push_check_response_status
- http://192.168.0.212/MyPush/resources/xmpp/push
- {"status":"ok","msg":"finished","id":"efffef986f0947e4824f641ccac567cf"}
- Test resource for:xmpp
- test_push_check_response_status
- http://192.168.0.212/MyPush/resources/xmpp/push
- {"status":"ok","msg":"finished","id":"53e7f4dc98b04c0789bb2a4386d30417"}
- Test resource for:xmpp
- test_push_check_response_status
- http://192.168.0.212/MyPush/resources/xmpp/push
- {"status":"ok","msg":"finished","id":"8f5c585367bf460aa8d494e344b8c215"}
- Test resource for:xmpp
- test_push_check_response_status
- http://192.168.0.212/MyPush/resources/xmpp/push
- {"status":"ok","msg":"finished","id":"ce73e26c3c9140c4bd614bba47357f46"}
- Test resource for:xmpp
- test_push_check_response_status
- http://192.168.0.212/MyPush/resources/xmpp/push
- {"status":"ok","msg":"finished","id":"2a7d16d637a8477aa207fe0c8e995901"}
- Test resource for:xmpp
- test_push_check_response_status
- http://192.168.0.212/MyPush/resources/xmpp/push
- {"status":"ok","msg":"finished","id":"3bf25b08b4b54afa916fc1d73cefb3f7"}
- Test resource for:xmpp
- test_push_check_response_status
- http://192.168.0.212/MyPush/resources/xmpp/push
- {"status":"ok","msg":"finished","id":"53a3921d8d3540819de1baa1165ac29f"}
- Test resource for:xmpp
- test_push_check_response_status
- http://192.168.0.212/MyPush/resources/xmpp/push
- {"status":"ok","msg":"finished","id":"06bf83d117db4b269ecf429cebb6fdcc"}
- Test resource for:xmpp
- test_push_check_response_status
- http://192.168.0.212/MyPush/resources/xmpp/push
- {"status":"ok","msg":"finished","id":"1be5f32864bc4678b328da6ed6163f44"}
- Test resource for:xmpp
- test_push_check_response_status
- http://192.168.0.212/MyPush/resources/xmpp/push
- {"status":"ok","msg":"finished","id":"dd09816a25a24b068663e0c824df43d0"}
- Test resource for:xmpp
- test_push_check_response_status
- http://192.168.0.212/MyPush/resources/xmpp/push
- {"status":"ok","msg":"finished","id":"6b52f70b07204a4cb2c79912188a2cbb"}
- Test resource for:xmpp
- test_push_check_response_status
- http://192.168.0.212/MyPush/resources/xmpp/push
- {"status":"ok","msg":"finished","id":"3e349f33b51d421baef643d7337b6853"}
- Test resource for:xmpp
- test_push_check_response_status
- http://192.168.0.212/MyPush/resources/xmpp/push
- {"status":"ok","msg":"finished","id":"a92822be96be4252a2d1938beab381cb"}
- Test resource for:xmpp
- test_push_check_response_status
- http://192.168.0.212/MyPush/resources/xmpp/push
- {"status":"ok","msg":"finished","id":"c1689e7b3efe46079596bb20af4c16ea"}
- Test resource for:xmpp
- test_push_check_response_status
- http://192.168.0.212/MyPush/resources/xmpp/push
- {"status":"ok","msg":"finished","id":"a7d024f92d134398a0f0e7cfcd7df09d"}
- Test resource for:xmpp
- test_push_check_response_status
- http://192.168.0.212/MyPush/resources/xmpp/push
- {"status":"ok","msg":"finished","id":"98759b7860244fb7a4d00a35ccc45b5a"}
- Test resource for:xmpp
- test_push_check_response_status
- http://192.168.0.212/MyPush/resources/xmpp/push
- {"status":"ok","msg":"finished","id":"a2e4732fcecf41f086bd7f6df4bea749"}
- Test resource for:xmpp
- test_push_check_response_status
- http://192.168.0.212/MyPush/resources/xmpp/push
- {"status":"ok","msg":"finished","id":"ec8f0fb8eb204d2f8b80bf4d0262dc5e"}
- Test resource for:xmpp
- test_push_check_response_status
- http://192.168.0.212/MyPush/resources/xmpp/push
- {"status":"ok","msg":"finished","id":"bf71d5972a2443f18a1896468565465b"}
- Test resource for:xmpp
- test_push_check_response_status
- http://192.168.0.212/MyPush/resources/xmpp/push
- {"status":"ok","msg":"finished","id":"a376419b415e47119820645358941b87"}
- Test resource for:xmpp
- test_push_check_response_status
- http://192.168.0.212/MyPush/resources/xmpp/push
- {"status":"ok","msg":"finished","id":"a84a6f347d864bb1bcd324126540b707"}
- Test resource for:xmpp
- test_push_check_response_status
- http://192.168.0.212/MyPush/resources/xmpp/push
- {"status":"ok","msg":"finished","id":"eb691c99381641febd3ff61c609a037a"}
- Test resource for:xmpp
- test_push_check_response_status
- http://192.168.0.212/MyPush/resources/xmpp/push
- {"status":"ok","msg":"finished","id":"e48c464b34544395883e4f1d6ffb1c49"}
- Test resource for:xmpp
- test_push_check_response_status
- http://192.168.0.212/MyPush/resources/xmpp/push
- {"status":"ok","msg":"finished","id":"2d2d3ecb5d914957a924db4752d01aef"}
- Test resource for:xmpp
- test_push_check_response_status
- http://192.168.0.212/MyPush/resources/xmpp/push
- {"status":"ok","msg":"finished","id":"350d61cd3a62494ca823d45bdeacb74b"}
- Test resource for:xmpp
- test_push_check_response_status
- http://192.168.0.212/MyPush/resources/xmpp/push
- {"status":"ok","msg":"finished","id":"a14f3e6f37aa47a2aa0bbf447f96594e"}
- Test resource for:xmpp
- test_push_check_response_status
- http://192.168.0.212/MyPush/resources/xmpp/push
- {"status":"ok","msg":"finished","id":"4b0fe3db8fd54ec7beb6e3105770b2a9"}
- Test resource for:xmpp
- test_push_check_response_status
- http://192.168.0.212/MyPush/resources/xmpp/push
- {"status":"ok","msg":"finished","id":"8efc7447900a4bf69911416ec0434980"}
- Test resource for:xmpp
- test_push_check_response_status
- http://192.168.0.212/MyPush/resources/xmpp/push
- {"status":"ok","msg":"finished","id":"8a104b26c30e481890206692dc62f098"}
- Test resource for:xmpp
- test_push_check_response_status
- http://192.168.0.212/MyPush/resources/xmpp/push
- {"status":"ok","msg":"finished","id":"458a0fa608c244cabf8903e80550ba38"}
- Test resource for:xmpp
- test_push_check_response_status
- http://192.168.0.212/MyPush/resources/xmpp/push
- {"status":"ok","msg":"finished","id":"40ddaa8dce214f0bb66cd22a62b28343"}
- Test resource for:xmpp
- test_push_check_response_status
- http://192.168.0.212/MyPush/resources/xmpp/push
- {"status":"ok","msg":"finished","id":"baf1ddb3c965462e98ad638db893af25"}
- Test resource for:xmpp
- test_push_check_response_status
- http://192.168.0.212/MyPush/resources/xmpp/push
- {"status":"ok","msg":"finished","id":"bf2d1ad25c1e475690b1046190c2020f"}
- Test resource for:xmpp
- test_push_check_response_status
- http://192.168.0.212/MyPush/resources/xmpp/push
- {"status":"ok","msg":"finished","id":"c94538b2b78d40b3b6c311e19792831f"}
- Test resource for:xmpp
- test_push_check_response_status
- http://192.168.0.212/MyPush/resources/xmpp/push
- {"status":"ok","msg":"finished","id":"5d8f80ce4006431ba83c5b041b09f4d1"}
- Test resource for:xmpp
- test_push_check_response_status
- http://192.168.0.212/MyPush/resources/xmpp/push
- {"status":"ok","msg":"finished","id":"8c6fb53a2e374037970a2cd5cb49864c"}
- Test resource for:xmpp
- test_push_check_response_status
- http://192.168.0.212/MyPush/resources/xmpp/push
- {"status":"ok","msg":"finished","id":"d23f125c1898412d98964ae48f9b5158"}
- Test resource for:xmpp
- test_push_check_response_status
- http://192.168.0.212/MyPush/resources/xmpp/push
- {"status":"ok","msg":"finished","id":"74bf20a80286460d8543cbf6f7a8fd0b"}
- Test resource for:xmpp
- test_push_check_response_status
- http://192.168.0.212/MyPush/resources/xmpp/push
- {"status":"ok","msg":"finished","id":"c28e158387ee440c98863c874cf683d1"}
- Test resource for:xmpp
- test_push_check_response_status
- http://192.168.0.212/MyPush/resources/xmpp/push
- {"status":"ok","msg":"finished","id":"be3521745c6041f4b57bf609c682bb91"}
- Test resource for:xmpp
- test_push_check_response_status
- http://192.168.0.212/MyPush/resources/xmpp/push
- {"status":"ok","msg":"finished","id":"197fdb99b33a465daf7f89dcaf6e3cf3"}
- Test resource for:xmpp
- test_push_check_response_status
- http://192.168.0.212/MyPush/resources/xmpp/push
- {"status":"ok","msg":"finished","id":"88a4684d60e34cabb1e8d1f129869340"}
- Test resource for:xmpp
- test_push_check_response_status
- http://192.168.0.212/MyPush/resources/xmpp/push
- {"status":"ok","msg":"finished","id":"e5f391eeb756476683e891fe1b3e0a8d"}
- Test resource for:xmpp
- test_push_check_response_status
- http://192.168.0.212/MyPush/resources/xmpp/push
- {"status":"ok","msg":"finished","id":"cce8833e33d748ae96741cd7781f15db"}
- Test resource for:xmpp
- test_push_check_response_status
- http://192.168.0.212/MyPush/resources/xmpp/push
- {"status":"ok","msg":"finished","id":"89c838cbafe74768b13a85fd369f4505"}
- Test resource for:xmpp
- test_push_check_response_status
- http://192.168.0.212/MyPush/resources/xmpp/push
- {"status":"ok","msg":"finished","id":"b51eef82e7464a07832313f1078ff42e"}
- Test resource for:xmpp
- test_push_check_response_status
- http://192.168.0.212/MyPush/resources/xmpp/push
- {"status":"ok","msg":"finished","id":"a4c4853c9c954de1a0334537cc349be8"}
- Test resource for:xmpp
- test_push_check_response_status
- http://192.168.0.212/MyPush/resources/xmpp/push
- {"status":"ok","msg":"finished","id":"2470b7ea6f8449958d5fe7741f37d382"}
- Test resource for:xmpp
- test_push_check_response_status
- http://192.168.0.212/MyPush/resources/xmpp/push
- {"status":"ok","msg":"finished","id":"5c4a212a79344d908296fe8e36796c05"}
- Test resource for:xmpp
- test_push_check_response_status
- http://192.168.0.212/MyPush/resources/xmpp/push
- {"status":"ok","msg":"finished","id":"e2fac9e17a114bd9a478a24057da4c78"}
- Test resource for:xmpp
- test_push_check_response_status
- http://192.168.0.212/MyPush/resources/xmpp/push
- {"status":"ok","msg":"finished","id":"395c2d52807248eca597a4379d728625"}
- Test resource for:xmpp
- test_push_check_response_status
- http://192.168.0.212/MyPush/resources/xmpp/push
- {"status":"ok","msg":"finished","id":"ca59d333aad443cd8cfd6e2410c70319"}
- Test resource for:xmpp
- test_push_check_response_status
- http://192.168.0.212/MyPush/resources/xmpp/push
- {"status":"ok","msg":"finished","id":"c91ef03346e745b498873bc7a87804cc"}
- Test resource for:xmpp
- test_push_check_response_status
- http://192.168.0.212/MyPush/resources/xmpp/push
- {"status":"ok","msg":"finished","id":"53ce9810766e4f538e46bf5db09020ef"}
- Test resource for:xmpp
- test_push_check_response_status
- http://192.168.0.212/MyPush/resources/xmpp/push
- {"status":"ok","msg":"finished","id":"17e7e43e4aa247d6b1b9c0c8f30ac09c"}
- Test resource for:xmpp
- test_push_check_response_status
- http://192.168.0.212/MyPush/resources/xmpp/push
- {"status":"ok","msg":"finished","id":"0452cca4c1ad407da2934807a2adce85"}
- Test resource for:xmpp
- test_push_check_response_status
- http://192.168.0.212/MyPush/resources/xmpp/push
- {"status":"ok","msg":"finished","id":"6af97d4434d849b5809affad7963ee45"}
- Test resource for:xmpp
- test_push_check_response_status
- http://192.168.0.212/MyPush/resources/xmpp/push
- {"status":"ok","msg":"finished","id":"595fc1b511bd4d338a092a1f552e9230"}
- Test resource for:xmpp
- test_push_check_response_status
- http://192.168.0.212/MyPush/resources/xmpp/push
- {"status":"ok","msg":"finished","id":"b6ce05e6638e4c2c9be46421ede2ba82"}
- Test resource for:xmpp
- test_push_check_response_status
- http://192.168.0.212/MyPush/resources/xmpp/push
- {"status":"ok","msg":"finished","id":"f18b8f659a37433981fedc0eb138145e"}
- Test resource for:xmpp
- test_push_check_response_status
- http://192.168.0.212/MyPush/resources/xmpp/push
- {"status":"ok","msg":"finished","id":"f02121c6e11b44bd83cae28e309d8694"}
- Test resource for:xmpp
- test_push_check_response_status
- http://192.168.0.212/MyPush/resources/xmpp/push
- {"status":"ok","msg":"finished","id":"6f126c56e4a245258dca7b3de6b6c6ef"}
- Test resource for:xmpp
- test_push_check_response_status
- http://192.168.0.212/MyPush/resources/xmpp/push
- {"status":"ok","msg":"finished","id":"c16ddebb2f54412db64cc7f29f25ef3c"}
- Test resource for:xmpp
- test_push_check_response_status
- http://192.168.0.212/MyPush/resources/xmpp/push
- {"status":"ok","msg":"finished","id":"f4bbd4bfe61344e0917d0f547efd6335"}
- Test resource for:xmpp
- test_push_check_response_status
- http://192.168.0.212/MyPush/resources/xmpp/push
- {"status":"ok","msg":"finished","id":"86408666267e4129a8d31c5ed752825c"}
- Test resource for:xmpp
- test_push_check_response_status
- http://192.168.0.212/MyPush/resources/xmpp/push
- {"status":"ok","msg":"finished","id":"e107319abab74528811c4e4fdd751ba2"}
- Test resource for:xmpp
- test_push_check_response_status
- http://192.168.0.212/MyPush/resources/xmpp/push
- {"status":"ok","msg":"finished","id":"902a16cfeb9c431b90e9ead12c276054"}
- Test resource for:xmpp
- test_push_check_response_status
- http://192.168.0.212/MyPush/resources/xmpp/push
- {"status":"ok","msg":"finished","id":"29f98174c31f41cd8134d5be18085d67"}
- Test resource for:xmpp
- test_push_check_response_status
- http://192.168.0.212/MyPush/resources/xmpp/push
- {"status":"ok","msg":"finished","id":"2b4a0150a2c34543acd4c1c3b016ac89"}
- Test resource for:xmpp
- test_push_check_response_status
- http://192.168.0.212/MyPush/resources/xmpp/push
- {"status":"ok","msg":"finished","id":"b08090721e734524aa8cfb7956ebc97e"}
- Test resource for:xmpp
- test_push_check_response_status
- http://192.168.0.212/MyPush/resources/xmpp/push
- {"status":"ok","msg":"finished","id":"faed16705d7d45cfb1f977df96b54030"}
- Test resource for:xmpp
- test_push_check_response_status
- http://192.168.0.212/MyPush/resources/xmpp/push
- {"status":"ok","msg":"finished","id":"ae6acba00ef54db8af03d6c11b6aff23"}
- Test resource for:xmpp
- test_push_check_response_status
- http://192.168.0.212/MyPush/resources/xmpp/push
- {"status":"ok","msg":"finished","id":"ca385dae6097415480b5d25016c7c050"}
- Test resource for:xmpp
- test_push_check_response_status
- http://192.168.0.212/MyPush/resources/xmpp/push
- {"status":"ok","msg":"finished","id":"9a4b275fe2ec4bdd91fb8d7947264cef"}
- Test resource for:xmpp
- test_push_check_response_status
- http://192.168.0.212/MyPush/resources/xmpp/push
- {"status":"ok","msg":"finished","id":"d706389880364314b8cb7d36541c8e7c"}
- Test resource for:xmpp
- test_push_check_response_status
- http://192.168.0.212/MyPush/resources/xmpp/push
- {"status":"ok","msg":"finished","id":"a6af2eef99964ff29ba758b45376ccad"}
- Test resource for:xmpp
- test_push_check_response_status
- http://192.168.0.212/MyPush/resources/xmpp/push
- {"status":"ok","msg":"finished","id":"a1b27409e49c445cb1cb6854b8bf380d"}
- Test resource for:xmpp
- test_push_check_response_status
- http://192.168.0.212/MyPush/resources/xmpp/push
- {"status":"ok","msg":"finished","id":"e1d90f9376d94318bdc461de1b2a1299"}
- Test resource for:xmpp
- test_push_check_response_status
- http://192.168.0.212/MyPush/resources/xmpp/push
- {"status":"ok","msg":"finished","id":"c00e5bbaf5df4297a7fda5ecaeb5d5c4"}
- Test resource for:xmpp
- test_push_check_response_status
- http://192.168.0.212/MyPush/resources/xmpp/push
- {"status":"ok","msg":"finished","id":"c9515bb752c54ef5919a4b76d65a5e6a"}
- Test resource for:xmpp
- test_push_check_response_status
- http://192.168.0.212/MyPush/resources/xmpp/push
- {"status":"ok","msg":"finished","id":"c0fd0dc25cb34530977156a07539d787"}
- Test resource for:xmpp
- test_push_check_response_status
- http://192.168.0.212/MyPush/resources/xmpp/push
- {"status":"ok","msg":"finished","id":"7a144b2e68864e9aa24d068f0f9384d0"}
- Test resource for:xmpp
- test_push_check_response_status
- http://192.168.0.212/MyPush/resources/xmpp/push
- {"status":"ok","msg":"finished","id":"74e96e0dd4b64f77a9d804754ba31fa3"}
]]></system-out>
  <system-err><![CDATA[]]></system-err>
</testsuite>
