<?xml version="1.0" encoding="UTF-8" ?>
<testsuite errors="0" failures="0" hostname="rimasakotekiMacBook-Pro.local" name="net.synergyinfo.mypush.test.restInterface.TestRestfulInterface_mypush_xmppResource_register" tests="32" time="4.513" timestamp="2013-08-27T01:40:02">
  <properties>
[...]
</properties>
  <testcase classname="net.synergyinfo.mypush.test.restInterface.TestRestfulInterface_mypush_xmppResource_register" name="test_register[0]" time="0.538" />
  <testcase classname="net.synergyinfo.mypush.test.restInterface.TestRestfulInterface_mypush_xmppResource_register" name="test_register[1]" time="0.206" />
  <testcase classname="net.synergyinfo.mypush.test.restInterface.TestRestfulInterface_mypush_xmppResource_register" name="test_register[2]" time="0.148" />
  <testcase classname="net.synergyinfo.mypush.test.restInterface.TestRestfulInterface_mypush_xmppResource_register" name="test_register[3]" time="0.15" />
  <testcase classname="net.synergyinfo.mypush.test.restInterface.TestRestfulInterface_mypush_xmppResource_register" name="test_register[4]" time="0.158" />
  <testcase classname="net.synergyinfo.mypush.test.restInterface.TestRestfulInterface_mypush_xmppResource_register" name="test_register[5]" time="0.132" />
  <testcase classname="net.synergyinfo.mypush.test.restInterface.TestRestfulInterface_mypush_xmppResource_register" name="test_register[6]" time="0.126" />
  <testcase classname="net.synergyinfo.mypush.test.restInterface.TestRestfulInterface_mypush_xmppResource_register" name="test_register[7]" time="0.123" />
  <testcase classname="net.synergyinfo.mypush.test.restInterface.TestRestfulInterface_mypush_xmppResource_register" name="test_register[8]" time="0.117" />
  <testcase classname="net.synergyinfo.mypush.test.restInterface.TestRestfulInterface_mypush_xmppResource_register" name="test_register[9]" time="0.125" />
  <testcase classname="net.synergyinfo.mypush.test.restInterface.TestRestfulInterface_mypush_xmppResource_register" name="test_register[10]" time="0.15" />
  <testcase classname="net.synergyinfo.mypush.test.restInterface.TestRestfulInterface_mypush_xmppResource_register" name="test_register[11]" time="0.148" />
  <testcase classname="net.synergyinfo.mypush.test.restInterface.TestRestfulInterface_mypush_xmppResource_register" name="test_register[12]" time="0.134" />
  <testcase classname="net.synergyinfo.mypush.test.restInterface.TestRestfulInterface_mypush_xmppResource_register" name="test_register[13]" time="0.133" />
  <testcase classname="net.synergyinfo.mypush.test.restInterface.TestRestfulInterface_mypush_xmppResource_register" name="test_register[14]" time="0.149" />
  <testcase classname="net.synergyinfo.mypush.test.restInterface.TestRestfulInterface_mypush_xmppResource_register" name="test_register[15]" time="0.149" />
  <testcase classname="net.synergyinfo.mypush.test.restInterface.TestRestfulInterface_mypush_xmppResource_register" name="test_register[16]" time="0.109" />
  <testcase classname="net.synergyinfo.mypush.test.restInterface.TestRestfulInterface_mypush_xmppResource_register" name="test_register[17]" time="0.141" />
  <testcase classname="net.synergyinfo.mypush.test.restInterface.TestRestfulInterface_mypush_xmppResource_register" name="test_register[18]" time="0.107" />
  <testcase classname="net.synergyinfo.mypush.test.restInterface.TestRestfulInterface_mypush_xmppResource_register" name="test_register[19]" time="0.109" />
  <testcase classname="net.synergyinfo.mypush.test.restInterface.TestRestfulInterface_mypush_xmppResource_register" name="test_register[20]" time="0.108" />
  <testcase classname="net.synergyinfo.mypush.test.restInterface.TestRestfulInterface_mypush_xmppResource_register" name="test_register[21]" time="0.107" />
  <testcase classname="net.synergyinfo.mypush.test.restInterface.TestRestfulInterface_mypush_xmppResource_register" name="test_register[22]" time="0.099" />
  <testcase classname="net.synergyinfo.mypush.test.restInterface.TestRestfulInterface_mypush_xmppResource_register" name="test_register[23]" time="0.133" />
  <testcase classname="net.synergyinfo.mypush.test.restInterface.TestRestfulInterface_mypush_xmppResource_register" name="test_register[24]" time="0.099" />
  <testcase classname="net.synergyinfo.mypush.test.restInterface.TestRestfulInterface_mypush_xmppResource_register" name="test_register[25]" time="0.091" />
  <testcase classname="net.synergyinfo.mypush.test.restInterface.TestRestfulInterface_mypush_xmppResource_register" name="test_register[26]" time="0.108" />
  <testcase classname="net.synergyinfo.mypush.test.restInterface.TestRestfulInterface_mypush_xmppResource_register" name="test_register[27]" time="0.092" />
  <testcase classname="net.synergyinfo.mypush.test.restInterface.TestRestfulInterface_mypush_xmppResource_register" name="test_register[28]" time="0.091" />
  <testcase classname="net.synergyinfo.mypush.test.restInterface.TestRestfulInterface_mypush_xmppResource_register" name="test_register[29]" time="0.092" />
  <testcase classname="net.synergyinfo.mypush.test.restInterface.TestRestfulInterface_mypush_xmppResource_register" name="test_register[30]" time="0.078" />
  <testcase classname="net.synergyinfo.mypush.test.restInterface.TestRestfulInterface_mypush_xmppResource_register" name="test_register[31]" time="0.08" />
  <system-out><![CDATA[- Test resource for:xmpp
- test_register
- http://192.168.0.212/MyPush/resources/xmpp/register
- {"status":"ok","msg":"user created","id":1062}
- Test resource for:xmpp
- test_register
- http://192.168.0.212/MyPush/resources/xmpp/register
- {"status":"ok","msg":"user created","id":1063}
- Test resource for:xmpp
- test_register
- http://192.168.0.212/MyPush/resources/xmpp/register
- {"status":"ok","msg":"user created","id":1064}
- Test resource for:xmpp
- test_register
- http://192.168.0.212/MyPush/resources/xmpp/register
- {"status":"ok","msg":"user created","id":1065}
- Test resource for:xmpp
- test_register
- http://192.168.0.212/MyPush/resources/xmpp/register
- {"status":"ok","msg":"user created","id":1066}
- Test resource for:xmpp
- test_register
- http://192.168.0.212/MyPush/resources/xmpp/register
- {"status":"ok","msg":"user created","id":1067}
- Test resource for:xmpp
- test_register
- http://192.168.0.212/MyPush/resources/xmpp/register
- {"status":"ok","msg":"user created","id":1068}
- Test resource for:xmpp
- test_register
- http://192.168.0.212/MyPush/resources/xmpp/register
- {"status":"ok","msg":"user created","id":1069}
- Test resource for:xmpp
- test_register
- http://192.168.0.212/MyPush/resources/xmpp/register
- {"status":"ok","msg":"user created","id":1070}
- Test resource for:xmpp
- test_register
- http://192.168.0.212/MyPush/resources/xmpp/register
- {"status":"ok","msg":"user created","id":1071}
- Test resource for:xmpp
- test_register
- http://192.168.0.212/MyPush/resources/xmpp/register
- {"status":"ok","msg":"user created","id":1072}
- Test resource for:xmpp
- test_register
- http://192.168.0.212/MyPush/resources/xmpp/register
- {"status":"ok","msg":"user created","id":1073}
- Test resource for:xmpp
- test_register
- http://192.168.0.212/MyPush/resources/xmpp/register
- {"status":"ok","msg":"user created","id":1074}
- Test resource for:xmpp
- test_register
- http://192.168.0.212/MyPush/resources/xmpp/register
- {"status":"ok","msg":"user created","id":1075}
- Test resource for:xmpp
- test_register
- http://192.168.0.212/MyPush/resources/xmpp/register
- {"status":"ok","msg":"user created","id":1076}
- Test resource for:xmpp
- test_register
- http://192.168.0.212/MyPush/resources/xmpp/register
- {"status":"ok","msg":"user created","id":1077}
- Test resource for:xmpp
- test_register
- http://192.168.0.212/MyPush/resources/xmpp/register
- {"status":"ok","msg":"user created","id":1078}
- Test resource for:xmpp
- test_register
- http://192.168.0.212/MyPush/resources/xmpp/register
- {"status":"ok","msg":"user created","id":1079}
- Test resource for:xmpp
- test_register
- http://192.168.0.212/MyPush/resources/xmpp/register
- {"status":"ok","msg":"user created","id":1080}
- Test resource for:xmpp
- test_register
- http://192.168.0.212/MyPush/resources/xmpp/register
- {"status":"ok","msg":"user created","id":1081}
- Test resource for:xmpp
- test_register
- http://192.168.0.212/MyPush/resources/xmpp/register
- {"status":"ok","msg":"user created","id":1082}
- Test resource for:xmpp
- test_register
- http://192.168.0.212/MyPush/resources/xmpp/register
- {"status":"ok","msg":"user created","id":1083}
- Test resource for:xmpp
- test_register
- http://192.168.0.212/MyPush/resources/xmpp/register
- {"status":"ok","msg":"user created","id":1084}
- Test resource for:xmpp
- test_register
- http://192.168.0.212/MyPush/resources/xmpp/register
- {"status":"ok","msg":"user created","id":1085}
- Test resource for:xmpp
- test_register
- http://192.168.0.212/MyPush/resources/xmpp/register
- {"status":"ok","msg":"user created","id":1086}
- Test resource for:xmpp
- test_register
- http://192.168.0.212/MyPush/resources/xmpp/register
- {"status":"ok","msg":"user created","id":1087}
- Test resource for:xmpp
- test_register
- http://192.168.0.212/MyPush/resources/xmpp/register
- {"status":"ok","msg":"user created","id":1088}
- Test resource for:xmpp
- test_register
- http://192.168.0.212/MyPush/resources/xmpp/register
- {"status":"ok","msg":"user created","id":1089}
- Test resource for:xmpp
- test_register
- http://192.168.0.212/MyPush/resources/xmpp/register
- {"status":"ok","msg":"user created","id":1090}
- Test resource for:xmpp
- test_register
- http://192.168.0.212/MyPush/resources/xmpp/register
- {"status":"ok","msg":"user created","id":1091}
- Test resource for:xmpp
- test_register
- http://192.168.0.212/MyPush/resources/xmpp/register
- {"status":"error","msg":"wrong input","id":"-1"}
- Test resource for:xmpp
- test_register
- http://192.168.0.212/MyPush/resources/xmpp/register
- {"status":"error","msg":"wrong input","id":"-1"}
]]></system-out>
  <system-err><![CDATA[]]></system-err>
</testsuite>
