<?xml version="1.0" encoding="UTF-8" ?>
<testsuite errors="0" failures="0" hostname="rimasakotekiMacBook-Pro.local" name="net.synergyinfo.mypush.test.restInterface.TestRestfulInterface_mypush_xmppResource_user_get" tests="30" time="11.452" timestamp="2013-08-27T01:40:18">
  <properties>
[...]
</properties>
  <testcase classname="net.synergyinfo.mypush.test.restInterface.TestRestfulInterface_mypush_xmppResource_user_get" name="test_user_get[0]" time="1.034" />
  <testcase classname="net.synergyinfo.mypush.test.restInterface.TestRestfulInterface_mypush_xmppResource_user_get" name="test_user_get[1]" time="0.449" />
  <testcase classname="net.synergyinfo.mypush.test.restInterface.TestRestfulInterface_mypush_xmppResource_user_get" name="test_user_get[2]" time="0.45" />
  <testcase classname="net.synergyinfo.mypush.test.restInterface.TestRestfulInterface_mypush_xmppResource_user_get" name="test_user_get[3]" time="0.433" />
  <testcase classname="net.synergyinfo.mypush.test.restInterface.TestRestfulInterface_mypush_xmppResource_user_get" name="test_user_get[4]" time="0.44" />
  <testcase classname="net.synergyinfo.mypush.test.restInterface.TestRestfulInterface_mypush_xmppResource_user_get" name="test_user_get[5]" time="0.383" />
  <testcase classname="net.synergyinfo.mypush.test.restInterface.TestRestfulInterface_mypush_xmppResource_user_get" name="test_user_get[6]" time="0.326" />
  <testcase classname="net.synergyinfo.mypush.test.restInterface.TestRestfulInterface_mypush_xmppResource_user_get" name="test_user_get[7]" time="0.332" />
  <testcase classname="net.synergyinfo.mypush.test.restInterface.TestRestfulInterface_mypush_xmppResource_user_get" name="test_user_get[8]" time="0.316" />
  <testcase classname="net.synergyinfo.mypush.test.restInterface.TestRestfulInterface_mypush_xmppResource_user_get" name="test_user_get[9]" time="0.376" />
  <testcase classname="net.synergyinfo.mypush.test.restInterface.TestRestfulInterface_mypush_xmppResource_user_get" name="test_user_get[10]" time="0.343" />
  <testcase classname="net.synergyinfo.mypush.test.restInterface.TestRestfulInterface_mypush_xmppResource_user_get" name="test_user_get[11]" time="0.281" />
  <testcase classname="net.synergyinfo.mypush.test.restInterface.TestRestfulInterface_mypush_xmppResource_user_get" name="test_user_get[12]" time="0.909" />
  <testcase classname="net.synergyinfo.mypush.test.restInterface.TestRestfulInterface_mypush_xmppResource_user_get" name="test_user_get[13]" time="0.339" />
  <testcase classname="net.synergyinfo.mypush.test.restInterface.TestRestfulInterface_mypush_xmppResource_user_get" name="test_user_get[14]" time="0.3" />
  <testcase classname="net.synergyinfo.mypush.test.restInterface.TestRestfulInterface_mypush_xmppResource_user_get" name="test_user_get[15]" time="0.291" />
  <testcase classname="net.synergyinfo.mypush.test.restInterface.TestRestfulInterface_mypush_xmppResource_user_get" name="test_user_get[16]" time="0.275" />
  <testcase classname="net.synergyinfo.mypush.test.restInterface.TestRestfulInterface_mypush_xmppResource_user_get" name="test_user_get[17]" time="0.326" />
  <testcase classname="net.synergyinfo.mypush.test.restInterface.TestRestfulInterface_mypush_xmppResource_user_get" name="test_user_get[18]" time="0.291" />
  <testcase classname="net.synergyinfo.mypush.test.restInterface.TestRestfulInterface_mypush_xmppResource_user_get" name="test_user_get[19]" time="0.292" />
  <testcase classname="net.synergyinfo.mypush.test.restInterface.TestRestfulInterface_mypush_xmppResource_user_get" name="test_user_get[20]" time="0.298" />
  <testcase classname="net.synergyinfo.mypush.test.restInterface.TestRestfulInterface_mypush_xmppResource_user_get" name="test_user_get[21]" time="0.275" />
  <testcase classname="net.synergyinfo.mypush.test.restInterface.TestRestfulInterface_mypush_xmppResource_user_get" name="test_user_get[22]" time="0.291" />
  <testcase classname="net.synergyinfo.mypush.test.restInterface.TestRestfulInterface_mypush_xmppResource_user_get" name="test_user_get[23]" time="0.299" />
  <testcase classname="net.synergyinfo.mypush.test.restInterface.TestRestfulInterface_mypush_xmppResource_user_get" name="test_user_get[24]" time="0.292" />
  <testcase classname="net.synergyinfo.mypush.test.restInterface.TestRestfulInterface_mypush_xmppResource_user_get" name="test_user_get[25]" time="0.266" />
  <testcase classname="net.synergyinfo.mypush.test.restInterface.TestRestfulInterface_mypush_xmppResource_user_get" name="test_user_get[26]" time="0.283" />
  <testcase classname="net.synergyinfo.mypush.test.restInterface.TestRestfulInterface_mypush_xmppResource_user_get" name="test_user_get[27]" time="0.333" />
  <testcase classname="net.synergyinfo.mypush.test.restInterface.TestRestfulInterface_mypush_xmppResource_user_get" name="test_user_get[28]" time="0.383" />
  <testcase classname="net.synergyinfo.mypush.test.restInterface.TestRestfulInterface_mypush_xmppResource_user_get" name="test_user_get[29]" time="0.351" />
  <system-out><![CDATA[- Test resource for:xmpp
- test_user_get
- http://192.168.0.212/MyPush/resources/xmpp/user/1234
- {"status":"error","msg":"User not found"}
- test_user_get
- http://192.168.0.212/MyPush/resources/xmpp/register
- {"status":"ok","msg":"user created","id":1122}
- id=1122
- test_user_get
- http://192.168.0.212/MyPush/resources/xmpp/user/1122
- {"status":"ok","msg":"wrong input","username":"testUser","userId":"1122","presence":"N\/A"}
- test_user_get
- http://192.168.0.212/MyPush/resources/xmpp/user/1122
- {"status":"ok","msg":"removed"}
- Test resource for:xmpp
- test_user_get
- http://192.168.0.212/MyPush/resources/xmpp/user/1234
- {"status":"error","msg":"User not found"}
- test_user_get
- http://192.168.0.212/MyPush/resources/xmpp/register
- {"status":"ok","msg":"user created","id":1123}
- id=1123
- test_user_get
- http://192.168.0.212/MyPush/resources/xmpp/user/1123
- {"status":"ok","msg":"wrong input","username":"testUser","userId":"1123","presence":"N\/A"}
- test_user_get
- http://192.168.0.212/MyPush/resources/xmpp/user/1123
- {"status":"ok","msg":"removed"}
- Test resource for:xmpp
- test_user_get
- http://192.168.0.212/MyPush/resources/xmpp/user/1234
- {"status":"error","msg":"User not found"}
- test_user_get
- http://192.168.0.212/MyPush/resources/xmpp/register
- {"status":"ok","msg":"user created","id":1124}
- id=1124
- test_user_get
- http://192.168.0.212/MyPush/resources/xmpp/user/1124
- {"status":"ok","msg":"wrong input","username":"testUser","userId":"1124","presence":"N\/A"}
- test_user_get
- http://192.168.0.212/MyPush/resources/xmpp/user/1124
- {"status":"ok","msg":"removed"}
- Test resource for:xmpp
- test_user_get
- http://192.168.0.212/MyPush/resources/xmpp/user/1234
- {"status":"error","msg":"User not found"}
- test_user_get
- http://192.168.0.212/MyPush/resources/xmpp/register
- {"status":"ok","msg":"user created","id":1125}
- id=1125
- test_user_get
- http://192.168.0.212/MyPush/resources/xmpp/user/1125
- {"status":"ok","msg":"wrong input","username":"testUser","userId":"1125","presence":"N\/A"}
- test_user_get
- http://192.168.0.212/MyPush/resources/xmpp/user/1125
- {"status":"ok","msg":"removed"}
- Test resource for:xmpp
- test_user_get
- http://192.168.0.212/MyPush/resources/xmpp/user/1234
- {"status":"error","msg":"User not found"}
- test_user_get
- http://192.168.0.212/MyPush/resources/xmpp/register
- {"status":"ok","msg":"user created","id":1126}
- id=1126
- test_user_get
- http://192.168.0.212/MyPush/resources/xmpp/user/1126
- {"status":"ok","msg":"wrong input","username":"testUser","userId":"1126","presence":"N\/A"}
- test_user_get
- http://192.168.0.212/MyPush/resources/xmpp/user/1126
- {"status":"ok","msg":"removed"}
- Test resource for:xmpp
- test_user_get
- http://192.168.0.212/MyPush/resources/xmpp/user/1234
- {"status":"error","msg":"User not found"}
- test_user_get
- http://192.168.0.212/MyPush/resources/xmpp/register
- {"status":"ok","msg":"user created","id":1127}
- id=1127
- test_user_get
- http://192.168.0.212/MyPush/resources/xmpp/user/1127
- {"status":"ok","msg":"wrong input","username":"testUser","userId":"1127","presence":"N\/A"}
- test_user_get
- http://192.168.0.212/MyPush/resources/xmpp/user/1127
- {"status":"ok","msg":"removed"}
- Test resource for:xmpp
- test_user_get
- http://192.168.0.212/MyPush/resources/xmpp/user/1234
- {"status":"error","msg":"User not found"}
- test_user_get
- http://192.168.0.212/MyPush/resources/xmpp/register
- {"status":"ok","msg":"user created","id":1128}
- id=1128
- test_user_get
- http://192.168.0.212/MyPush/resources/xmpp/user/1128
- {"status":"ok","msg":"wrong input","username":"testUser","userId":"1128","presence":"N\/A"}
- test_user_get
- http://192.168.0.212/MyPush/resources/xmpp/user/1128
- {"status":"ok","msg":"removed"}
- Test resource for:xmpp
- test_user_get
- http://192.168.0.212/MyPush/resources/xmpp/user/1234
- {"status":"error","msg":"User not found"}
- test_user_get
- http://192.168.0.212/MyPush/resources/xmpp/register
- {"status":"ok","msg":"user created","id":1129}
- id=1129
- test_user_get
- http://192.168.0.212/MyPush/resources/xmpp/user/1129
- {"status":"ok","msg":"wrong input","username":"testUser","userId":"1129","presence":"N\/A"}
- test_user_get
- http://192.168.0.212/MyPush/resources/xmpp/user/1129
- {"status":"ok","msg":"removed"}
- Test resource for:xmpp
- test_user_get
- http://192.168.0.212/MyPush/resources/xmpp/user/1234
- {"status":"error","msg":"User not found"}
- test_user_get
- http://192.168.0.212/MyPush/resources/xmpp/register
- {"status":"ok","msg":"user created","id":1130}
- id=1130
- test_user_get
- http://192.168.0.212/MyPush/resources/xmpp/user/1130
- {"status":"ok","msg":"wrong input","username":"testUser","userId":"1130","presence":"N\/A"}
- test_user_get
- http://192.168.0.212/MyPush/resources/xmpp/user/1130
- {"status":"ok","msg":"removed"}
- Test resource for:xmpp
- test_user_get
- http://192.168.0.212/MyPush/resources/xmpp/user/1234
- {"status":"error","msg":"User not found"}
- test_user_get
- http://192.168.0.212/MyPush/resources/xmpp/register
- {"status":"ok","msg":"user created","id":1131}
- id=1131
- test_user_get
- http://192.168.0.212/MyPush/resources/xmpp/user/1131
- {"status":"ok","msg":"wrong input","username":"testUser","userId":"1131","presence":"N\/A"}
- test_user_get
- http://192.168.0.212/MyPush/resources/xmpp/user/1131
- {"status":"ok","msg":"removed"}
- Test resource for:xmpp
- test_user_get
- http://192.168.0.212/MyPush/resources/xmpp/user/1234
- {"status":"error","msg":"User not found"}
- test_user_get
- http://192.168.0.212/MyPush/resources/xmpp/register
- {"status":"ok","msg":"user created","id":1132}
- id=1132
- test_user_get
- http://192.168.0.212/MyPush/resources/xmpp/user/1132
- {"status":"ok","msg":"wrong input","username":"testUser","userId":"1132","presence":"N\/A"}
- test_user_get
- http://192.168.0.212/MyPush/resources/xmpp/user/1132
- {"status":"ok","msg":"removed"}
- Test resource for:xmpp
- test_user_get
- http://192.168.0.212/MyPush/resources/xmpp/user/1234
- {"status":"error","msg":"User not found"}
- test_user_get
- http://192.168.0.212/MyPush/resources/xmpp/register
- {"status":"ok","msg":"user created","id":1133}
- id=1133
- test_user_get
- http://192.168.0.212/MyPush/resources/xmpp/user/1133
- {"status":"ok","msg":"wrong input","username":"testUser","userId":"1133","presence":"N\/A"}
- test_user_get
- http://192.168.0.212/MyPush/resources/xmpp/user/1133
- {"status":"ok","msg":"removed"}
- Test resource for:xmpp
- test_user_get
- http://192.168.0.212/MyPush/resources/xmpp/user/1234
- {"status":"error","msg":"User not found"}
- test_user_get
- http://192.168.0.212/MyPush/resources/xmpp/register
- {"status":"ok","msg":"user created","id":1134}
- id=1134
- test_user_get
- http://192.168.0.212/MyPush/resources/xmpp/user/1134
- {"status":"ok","msg":"wrong input","username":"testUser","userId":"1134","presence":"N\/A"}
- test_user_get
- http://192.168.0.212/MyPush/resources/xmpp/user/1134
- {"status":"ok","msg":"removed"}
- Test resource for:xmpp
- test_user_get
- http://192.168.0.212/MyPush/resources/xmpp/user/1234
- {"status":"error","msg":"User not found"}
- test_user_get
- http://192.168.0.212/MyPush/resources/xmpp/register
- {"status":"ok","msg":"user created","id":1135}
- id=1135
- test_user_get
- http://192.168.0.212/MyPush/resources/xmpp/user/1135
- {"status":"ok","msg":"wrong input","username":"testUser","userId":"1135","presence":"N\/A"}
- test_user_get
- http://192.168.0.212/MyPush/resources/xmpp/user/1135
- {"status":"ok","msg":"removed"}
- Test resource for:xmpp
- test_user_get
- http://192.168.0.212/MyPush/resources/xmpp/user/1234
- {"status":"error","msg":"User not found"}
- test_user_get
- http://192.168.0.212/MyPush/resources/xmpp/register
- {"status":"ok","msg":"user created","id":1136}
- id=1136
- test_user_get
- http://192.168.0.212/MyPush/resources/xmpp/user/1136
- {"status":"ok","msg":"wrong input","username":"testUser","userId":"1136","presence":"N\/A"}
- test_user_get
- http://192.168.0.212/MyPush/resources/xmpp/user/1136
- {"status":"ok","msg":"removed"}
- Test resource for:xmpp
- test_user_get
- http://192.168.0.212/MyPush/resources/xmpp/user/1234
- {"status":"error","msg":"User not found"}
- test_user_get
- http://192.168.0.212/MyPush/resources/xmpp/register
- {"status":"ok","msg":"user created","id":1137}
- id=1137
- test_user_get
- http://192.168.0.212/MyPush/resources/xmpp/user/1137
- {"status":"ok","msg":"wrong input","username":"testUser","userId":"1137","presence":"N\/A"}
- test_user_get
- http://192.168.0.212/MyPush/resources/xmpp/user/1137
- {"status":"ok","msg":"removed"}
- Test resource for:xmpp
- test_user_get
- http://192.168.0.212/MyPush/resources/xmpp/user/1234
- {"status":"error","msg":"User not found"}
- test_user_get
- http://192.168.0.212/MyPush/resources/xmpp/register
- {"status":"ok","msg":"user created","id":1138}
- id=1138
- test_user_get
- http://192.168.0.212/MyPush/resources/xmpp/user/1138
- {"status":"ok","msg":"wrong input","username":"testUser","userId":"1138","presence":"N\/A"}
- test_user_get
- http://192.168.0.212/MyPush/resources/xmpp/user/1138
- {"status":"ok","msg":"removed"}
- Test resource for:xmpp
- test_user_get
- http://192.168.0.212/MyPush/resources/xmpp/user/1234
- {"status":"error","msg":"User not found"}
- test_user_get
- http://192.168.0.212/MyPush/resources/xmpp/register
- {"status":"ok","msg":"user created","id":1139}
- id=1139
- test_user_get
- http://192.168.0.212/MyPush/resources/xmpp/user/1139
- {"status":"ok","msg":"wrong input","username":"testUser","userId":"1139","presence":"N\/A"}
- test_user_get
- http://192.168.0.212/MyPush/resources/xmpp/user/1139
- {"status":"ok","msg":"removed"}
- Test resource for:xmpp
- test_user_get
- http://192.168.0.212/MyPush/resources/xmpp/user/1234
- {"status":"error","msg":"User not found"}
- test_user_get
- http://192.168.0.212/MyPush/resources/xmpp/register
- {"status":"ok","msg":"user created","id":1140}
- id=1140
- test_user_get
- http://192.168.0.212/MyPush/resources/xmpp/user/1140
- {"status":"ok","msg":"wrong input","username":"testUser","userId":"1140","presence":"N\/A"}
- test_user_get
- http://192.168.0.212/MyPush/resources/xmpp/user/1140
- {"status":"ok","msg":"removed"}
- Test resource for:xmpp
- test_user_get
- http://192.168.0.212/MyPush/resources/xmpp/user/1234
- {"status":"error","msg":"User not found"}
- test_user_get
- http://192.168.0.212/MyPush/resources/xmpp/register
- {"status":"ok","msg":"user created","id":1141}
- id=1141
- test_user_get
- http://192.168.0.212/MyPush/resources/xmpp/user/1141
- {"status":"ok","msg":"wrong input","username":"testUser","userId":"1141","presence":"N\/A"}
- test_user_get
- http://192.168.0.212/MyPush/resources/xmpp/user/1141
- {"status":"ok","msg":"removed"}
- Test resource for:xmpp
- test_user_get
- http://192.168.0.212/MyPush/resources/xmpp/user/1234
- {"status":"error","msg":"User not found"}
- test_user_get
- http://192.168.0.212/MyPush/resources/xmpp/register
- {"status":"ok","msg":"user created","id":1142}
- id=1142
- test_user_get
- http://192.168.0.212/MyPush/resources/xmpp/user/1142
- {"status":"ok","msg":"wrong input","username":"testUser","userId":"1142","presence":"N\/A"}
- test_user_get
- http://192.168.0.212/MyPush/resources/xmpp/user/1142
- {"status":"ok","msg":"removed"}
- Test resource for:xmpp
- test_user_get
- http://192.168.0.212/MyPush/resources/xmpp/user/1234
- {"status":"error","msg":"User not found"}
- test_user_get
- http://192.168.0.212/MyPush/resources/xmpp/register
- {"status":"ok","msg":"user created","id":1143}
- id=1143
- test_user_get
- http://192.168.0.212/MyPush/resources/xmpp/user/1143
- {"status":"ok","msg":"wrong input","username":"testUser","userId":"1143","presence":"N\/A"}
- test_user_get
- http://192.168.0.212/MyPush/resources/xmpp/user/1143
- {"status":"ok","msg":"removed"}
- Test resource for:xmpp
- test_user_get
- http://192.168.0.212/MyPush/resources/xmpp/user/1234
- {"status":"error","msg":"User not found"}
- test_user_get
- http://192.168.0.212/MyPush/resources/xmpp/register
- {"status":"ok","msg":"user created","id":1144}
- id=1144
- test_user_get
- http://192.168.0.212/MyPush/resources/xmpp/user/1144
- {"status":"ok","msg":"wrong input","username":"testUser","userId":"1144","presence":"N\/A"}
- test_user_get
- http://192.168.0.212/MyPush/resources/xmpp/user/1144
- {"status":"ok","msg":"removed"}
- Test resource for:xmpp
- test_user_get
- http://192.168.0.212/MyPush/resources/xmpp/user/1234
- {"status":"error","msg":"User not found"}
- test_user_get
- http://192.168.0.212/MyPush/resources/xmpp/register
- {"status":"ok","msg":"user created","id":1145}
- id=1145
- test_user_get
- http://192.168.0.212/MyPush/resources/xmpp/user/1145
- {"status":"ok","msg":"wrong input","username":"testUser","userId":"1145","presence":"N\/A"}
- test_user_get
- http://192.168.0.212/MyPush/resources/xmpp/user/1145
- {"status":"ok","msg":"removed"}
- Test resource for:xmpp
- test_user_get
- http://192.168.0.212/MyPush/resources/xmpp/user/1234
- {"status":"error","msg":"User not found"}
- test_user_get
- http://192.168.0.212/MyPush/resources/xmpp/register
- {"status":"ok","msg":"user created","id":1146}
- id=1146
- test_user_get
- http://192.168.0.212/MyPush/resources/xmpp/user/1146
- {"status":"ok","msg":"wrong input","username":"testUser","userId":"1146","presence":"N\/A"}
- test_user_get
- http://192.168.0.212/MyPush/resources/xmpp/user/1146
- {"status":"ok","msg":"removed"}
- Test resource for:xmpp
- test_user_get
- http://192.168.0.212/MyPush/resources/xmpp/user/1234
- {"status":"error","msg":"User not found"}
- test_user_get
- http://192.168.0.212/MyPush/resources/xmpp/register
- {"status":"ok","msg":"user created","id":1147}
- id=1147
- test_user_get
- http://192.168.0.212/MyPush/resources/xmpp/user/1147
- {"status":"ok","msg":"wrong input","username":"testUser","userId":"1147","presence":"N\/A"}
- test_user_get
- http://192.168.0.212/MyPush/resources/xmpp/user/1147
- {"status":"ok","msg":"removed"}
- Test resource for:xmpp
- test_user_get
- http://192.168.0.212/MyPush/resources/xmpp/user/1234
- {"status":"error","msg":"User not found"}
- test_user_get
- http://192.168.0.212/MyPush/resources/xmpp/register
- {"status":"ok","msg":"user created","id":1148}
- id=1148
- test_user_get
- http://192.168.0.212/MyPush/resources/xmpp/user/1148
- {"status":"ok","msg":"wrong input","username":"testUser","userId":"1148","presence":"N\/A"}
- test_user_get
- http://192.168.0.212/MyPush/resources/xmpp/user/1148
- {"status":"ok","msg":"removed"}
- Test resource for:xmpp
- test_user_get
- http://192.168.0.212/MyPush/resources/xmpp/user/1234
- {"status":"error","msg":"User not found"}
- test_user_get
- http://192.168.0.212/MyPush/resources/xmpp/register
- {"status":"ok","msg":"user created","id":1149}
- id=1149
- test_user_get
- http://192.168.0.212/MyPush/resources/xmpp/user/1149
- {"status":"ok","msg":"wrong input","username":"testUser","userId":"1149","presence":"N\/A"}
- test_user_get
- http://192.168.0.212/MyPush/resources/xmpp/user/1149
- {"status":"ok","msg":"removed"}
- Test resource for:xmpp
- test_user_get
- http://192.168.0.212/MyPush/resources/xmpp/user/1234
- {"status":"error","msg":"User not found"}
- test_user_get
- http://192.168.0.212/MyPush/resources/xmpp/register
- {"status":"ok","msg":"user created","id":1150}
- id=1150
- test_user_get
- http://192.168.0.212/MyPush/resources/xmpp/user/1150
- {"status":"ok","msg":"wrong input","username":"testUser","userId":"1150","presence":"N\/A"}
- test_user_get
- http://192.168.0.212/MyPush/resources/xmpp/user/1150
- {"status":"ok","msg":"removed"}
- Test resource for:xmpp
- test_user_get
- http://192.168.0.212/MyPush/resources/xmpp/user/1234
- {"status":"error","msg":"User not found"}
- test_user_get
- http://192.168.0.212/MyPush/resources/xmpp/register
- {"status":"ok","msg":"user created","id":1151}
- id=1151
- test_user_get
- http://192.168.0.212/MyPush/resources/xmpp/user/1151
- {"status":"ok","msg":"wrong input","username":"testUser","userId":"1151","presence":"N\/A"}
- test_user_get
- http://192.168.0.212/MyPush/resources/xmpp/user/1151
- {"status":"ok","msg":"removed"}
]]></system-out>
  <system-err><![CDATA[]]></system-err>
</testsuite>
