<?xml version="1.0" encoding="UTF-8" ?>
<testsuite errors="0" failures="0" hostname="rimasakotekiMacBook-Pro.local" name="net.synergyinfo.mypush.test.restInterface.TestRestfulInterface_mypush_xmppResource_user_delete" tests="30" time="9.594" timestamp="2013-08-27T01:40:07">
  <properties>
[...]
</properties>
  <testcase classname="net.synergyinfo.mypush.test.restInterface.TestRestfulInterface_mypush_xmppResource_user_delete" name="test_register_and_delete[0]" time="0.828" />
  <testcase classname="net.synergyinfo.mypush.test.restInterface.TestRestfulInterface_mypush_xmppResource_user_delete" name="test_register_and_delete[1]" time="0.421" />
  <testcase classname="net.synergyinfo.mypush.test.restInterface.TestRestfulInterface_mypush_xmppResource_user_delete" name="test_register_and_delete[2]" time="0.414" />
  <testcase classname="net.synergyinfo.mypush.test.restInterface.TestRestfulInterface_mypush_xmppResource_user_delete" name="test_register_and_delete[3]" time="0.348" />
  <testcase classname="net.synergyinfo.mypush.test.restInterface.TestRestfulInterface_mypush_xmppResource_user_delete" name="test_register_and_delete[4]" time="0.336" />
  <testcase classname="net.synergyinfo.mypush.test.restInterface.TestRestfulInterface_mypush_xmppResource_user_delete" name="test_register_and_delete[5]" time="0.332" />
  <testcase classname="net.synergyinfo.mypush.test.restInterface.TestRestfulInterface_mypush_xmppResource_user_delete" name="test_register_and_delete[6]" time="0.325" />
  <testcase classname="net.synergyinfo.mypush.test.restInterface.TestRestfulInterface_mypush_xmppResource_user_delete" name="test_register_and_delete[7]" time="0.383" />
  <testcase classname="net.synergyinfo.mypush.test.restInterface.TestRestfulInterface_mypush_xmppResource_user_delete" name="test_register_and_delete[8]" time="0.285" />
  <testcase classname="net.synergyinfo.mypush.test.restInterface.TestRestfulInterface_mypush_xmppResource_user_delete" name="test_register_and_delete[9]" time="0.278" />
  <testcase classname="net.synergyinfo.mypush.test.restInterface.TestRestfulInterface_mypush_xmppResource_user_delete" name="test_register_and_delete[10]" time="0.298" />
  <testcase classname="net.synergyinfo.mypush.test.restInterface.TestRestfulInterface_mypush_xmppResource_user_delete" name="test_register_and_delete[11]" time="0.266" />
  <testcase classname="net.synergyinfo.mypush.test.restInterface.TestRestfulInterface_mypush_xmppResource_user_delete" name="test_register_and_delete[12]" time="0.237" />
  <testcase classname="net.synergyinfo.mypush.test.restInterface.TestRestfulInterface_mypush_xmppResource_user_delete" name="test_register_and_delete[13]" time="0.297" />
  <testcase classname="net.synergyinfo.mypush.test.restInterface.TestRestfulInterface_mypush_xmppResource_user_delete" name="test_register_and_delete[14]" time="0.251" />
  <testcase classname="net.synergyinfo.mypush.test.restInterface.TestRestfulInterface_mypush_xmppResource_user_delete" name="test_register_and_delete[15]" time="0.238" />
  <testcase classname="net.synergyinfo.mypush.test.restInterface.TestRestfulInterface_mypush_xmppResource_user_delete" name="test_register_and_delete[16]" time="0.251" />
  <testcase classname="net.synergyinfo.mypush.test.restInterface.TestRestfulInterface_mypush_xmppResource_user_delete" name="test_register_and_delete[17]" time="0.287" />
  <testcase classname="net.synergyinfo.mypush.test.restInterface.TestRestfulInterface_mypush_xmppResource_user_delete" name="test_register_and_delete[18]" time="0.275" />
  <testcase classname="net.synergyinfo.mypush.test.restInterface.TestRestfulInterface_mypush_xmppResource_user_delete" name="test_register_and_delete[19]" time="0.238" />
  <testcase classname="net.synergyinfo.mypush.test.restInterface.TestRestfulInterface_mypush_xmppResource_user_delete" name="test_register_and_delete[20]" time="0.259" />
  <testcase classname="net.synergyinfo.mypush.test.restInterface.TestRestfulInterface_mypush_xmppResource_user_delete" name="test_register_and_delete[21]" time="0.232" />
  <testcase classname="net.synergyinfo.mypush.test.restInterface.TestRestfulInterface_mypush_xmppResource_user_delete" name="test_register_and_delete[22]" time="0.606" />
  <testcase classname="net.synergyinfo.mypush.test.restInterface.TestRestfulInterface_mypush_xmppResource_user_delete" name="test_register_and_delete[23]" time="0.246" />
  <testcase classname="net.synergyinfo.mypush.test.restInterface.TestRestfulInterface_mypush_xmppResource_user_delete" name="test_register_and_delete[24]" time="0.27" />
  <testcase classname="net.synergyinfo.mypush.test.restInterface.TestRestfulInterface_mypush_xmppResource_user_delete" name="test_register_and_delete[25]" time="0.256" />
  <testcase classname="net.synergyinfo.mypush.test.restInterface.TestRestfulInterface_mypush_xmppResource_user_delete" name="test_register_and_delete[26]" time="0.231" />
  <testcase classname="net.synergyinfo.mypush.test.restInterface.TestRestfulInterface_mypush_xmppResource_user_delete" name="test_register_and_delete[27]" time="0.248" />
  <testcase classname="net.synergyinfo.mypush.test.restInterface.TestRestfulInterface_mypush_xmppResource_user_delete" name="test_register_and_delete[28]" time="0.241" />
  <testcase classname="net.synergyinfo.mypush.test.restInterface.TestRestfulInterface_mypush_xmppResource_user_delete" name="test_register_and_delete[29]" time="0.224" />
  <system-out><![CDATA[- Test resource for:xmpp
- test_register_and_delete
- http://192.168.0.212/MyPush/resources/xmpp/register
- {"status":"ok","msg":"user created","id":1092}
- id=1092
- test_register_and_delete
- http://192.168.0.212/MyPush/resources/xmpp/user/1092
- {"status":"ok","msg":"removed"}
- test_register_and_delete
- http://192.168.0.212/MyPush/resources/xmpp/user/1092
- {"status":"error","msg":"User not found"}
- Test resource for:xmpp
- test_register_and_delete
- http://192.168.0.212/MyPush/resources/xmpp/register
- {"status":"ok","msg":"user created","id":1093}
- id=1093
- test_register_and_delete
- http://192.168.0.212/MyPush/resources/xmpp/user/1093
- {"status":"ok","msg":"removed"}
- test_register_and_delete
- http://192.168.0.212/MyPush/resources/xmpp/user/1093
- {"status":"error","msg":"User not found"}
- Test resource for:xmpp
- test_register_and_delete
- http://192.168.0.212/MyPush/resources/xmpp/register
- {"status":"ok","msg":"user created","id":1094}
- id=1094
- test_register_and_delete
- http://192.168.0.212/MyPush/resources/xmpp/user/1094
- {"status":"ok","msg":"removed"}
- test_register_and_delete
- http://192.168.0.212/MyPush/resources/xmpp/user/1094
- {"status":"error","msg":"User not found"}
- Test resource for:xmpp
- test_register_and_delete
- http://192.168.0.212/MyPush/resources/xmpp/register
- {"status":"ok","msg":"user created","id":1095}
- id=1095
- test_register_and_delete
- http://192.168.0.212/MyPush/resources/xmpp/user/1095
- {"status":"ok","msg":"removed"}
- test_register_and_delete
- http://192.168.0.212/MyPush/resources/xmpp/user/1095
- {"status":"error","msg":"User not found"}
- Test resource for:xmpp
- test_register_and_delete
- http://192.168.0.212/MyPush/resources/xmpp/register
- {"status":"ok","msg":"user created","id":1096}
- id=1096
- test_register_and_delete
- http://192.168.0.212/MyPush/resources/xmpp/user/1096
- {"status":"ok","msg":"removed"}
- test_register_and_delete
- http://192.168.0.212/MyPush/resources/xmpp/user/1096
- {"status":"error","msg":"User not found"}
- Test resource for:xmpp
- test_register_and_delete
- http://192.168.0.212/MyPush/resources/xmpp/register
- {"status":"ok","msg":"user created","id":1097}
- id=1097
- test_register_and_delete
- http://192.168.0.212/MyPush/resources/xmpp/user/1097
- {"status":"ok","msg":"removed"}
- test_register_and_delete
- http://192.168.0.212/MyPush/resources/xmpp/user/1097
- {"status":"error","msg":"User not found"}
- Test resource for:xmpp
- test_register_and_delete
- http://192.168.0.212/MyPush/resources/xmpp/register
- {"status":"ok","msg":"user created","id":1098}
- id=1098
- test_register_and_delete
- http://192.168.0.212/MyPush/resources/xmpp/user/1098
- {"status":"ok","msg":"removed"}
- test_register_and_delete
- http://192.168.0.212/MyPush/resources/xmpp/user/1098
- {"status":"error","msg":"User not found"}
- Test resource for:xmpp
- test_register_and_delete
- http://192.168.0.212/MyPush/resources/xmpp/register
- {"status":"ok","msg":"user created","id":1099}
- id=1099
- test_register_and_delete
- http://192.168.0.212/MyPush/resources/xmpp/user/1099
- {"status":"ok","msg":"removed"}
- test_register_and_delete
- http://192.168.0.212/MyPush/resources/xmpp/user/1099
- {"status":"error","msg":"User not found"}
- Test resource for:xmpp
- test_register_and_delete
- http://192.168.0.212/MyPush/resources/xmpp/register
- {"status":"ok","msg":"user created","id":1100}
- id=1100
- test_register_and_delete
- http://192.168.0.212/MyPush/resources/xmpp/user/1100
- {"status":"ok","msg":"removed"}
- test_register_and_delete
- http://192.168.0.212/MyPush/resources/xmpp/user/1100
- {"status":"error","msg":"User not found"}
- Test resource for:xmpp
- test_register_and_delete
- http://192.168.0.212/MyPush/resources/xmpp/register
- {"status":"ok","msg":"user created","id":1101}
- id=1101
- test_register_and_delete
- http://192.168.0.212/MyPush/resources/xmpp/user/1101
- {"status":"ok","msg":"removed"}
- test_register_and_delete
- http://192.168.0.212/MyPush/resources/xmpp/user/1101
- {"status":"error","msg":"User not found"}
- Test resource for:xmpp
- test_register_and_delete
- http://192.168.0.212/MyPush/resources/xmpp/register
- {"status":"ok","msg":"user created","id":1102}
- id=1102
- test_register_and_delete
- http://192.168.0.212/MyPush/resources/xmpp/user/1102
- {"status":"ok","msg":"removed"}
- test_register_and_delete
- http://192.168.0.212/MyPush/resources/xmpp/user/1102
- {"status":"error","msg":"User not found"}
- Test resource for:xmpp
- test_register_and_delete
- http://192.168.0.212/MyPush/resources/xmpp/register
- {"status":"ok","msg":"user created","id":1103}
- id=1103
- test_register_and_delete
- http://192.168.0.212/MyPush/resources/xmpp/user/1103
- {"status":"ok","msg":"removed"}
- test_register_and_delete
- http://192.168.0.212/MyPush/resources/xmpp/user/1103
- {"status":"error","msg":"User not found"}
- Test resource for:xmpp
- test_register_and_delete
- http://192.168.0.212/MyPush/resources/xmpp/register
- {"status":"ok","msg":"user created","id":1104}
- id=1104
- test_register_and_delete
- http://192.168.0.212/MyPush/resources/xmpp/user/1104
- {"status":"ok","msg":"removed"}
- test_register_and_delete
- http://192.168.0.212/MyPush/resources/xmpp/user/1104
- {"status":"error","msg":"User not found"}
- Test resource for:xmpp
- test_register_and_delete
- http://192.168.0.212/MyPush/resources/xmpp/register
- {"status":"ok","msg":"user created","id":1105}
- id=1105
- test_register_and_delete
- http://192.168.0.212/MyPush/resources/xmpp/user/1105
- {"status":"ok","msg":"removed"}
- test_register_and_delete
- http://192.168.0.212/MyPush/resources/xmpp/user/1105
- {"status":"error","msg":"User not found"}
- Test resource for:xmpp
- test_register_and_delete
- http://192.168.0.212/MyPush/resources/xmpp/register
- {"status":"ok","msg":"user created","id":1106}
- id=1106
- test_register_and_delete
- http://192.168.0.212/MyPush/resources/xmpp/user/1106
- {"status":"ok","msg":"removed"}
- test_register_and_delete
- http://192.168.0.212/MyPush/resources/xmpp/user/1106
- {"status":"error","msg":"User not found"}
- Test resource for:xmpp
- test_register_and_delete
- http://192.168.0.212/MyPush/resources/xmpp/register
- {"status":"ok","msg":"user created","id":1107}
- id=1107
- test_register_and_delete
- http://192.168.0.212/MyPush/resources/xmpp/user/1107
- {"status":"ok","msg":"removed"}
- test_register_and_delete
- http://192.168.0.212/MyPush/resources/xmpp/user/1107
- {"status":"error","msg":"User not found"}
- Test resource for:xmpp
- test_register_and_delete
- http://192.168.0.212/MyPush/resources/xmpp/register
- {"status":"ok","msg":"user created","id":1108}
- id=1108
- test_register_and_delete
- http://192.168.0.212/MyPush/resources/xmpp/user/1108
- {"status":"ok","msg":"removed"}
- test_register_and_delete
- http://192.168.0.212/MyPush/resources/xmpp/user/1108
- {"status":"error","msg":"User not found"}
- Test resource for:xmpp
- test_register_and_delete
- http://192.168.0.212/MyPush/resources/xmpp/register
- {"status":"ok","msg":"user created","id":1109}
- id=1109
- test_register_and_delete
- http://192.168.0.212/MyPush/resources/xmpp/user/1109
- {"status":"ok","msg":"removed"}
- test_register_and_delete
- http://192.168.0.212/MyPush/resources/xmpp/user/1109
- {"status":"error","msg":"User not found"}
- Test resource for:xmpp
- test_register_and_delete
- http://192.168.0.212/MyPush/resources/xmpp/register
- {"status":"ok","msg":"user created","id":1110}
- id=1110
- test_register_and_delete
- http://192.168.0.212/MyPush/resources/xmpp/user/1110
- {"status":"ok","msg":"removed"}
- test_register_and_delete
- http://192.168.0.212/MyPush/resources/xmpp/user/1110
- {"status":"error","msg":"User not found"}
- Test resource for:xmpp
- test_register_and_delete
- http://192.168.0.212/MyPush/resources/xmpp/register
- {"status":"ok","msg":"user created","id":1111}
- id=1111
- test_register_and_delete
- http://192.168.0.212/MyPush/resources/xmpp/user/1111
- {"status":"ok","msg":"removed"}
- test_register_and_delete
- http://192.168.0.212/MyPush/resources/xmpp/user/1111
- {"status":"error","msg":"User not found"}
- Test resource for:xmpp
- test_register_and_delete
- http://192.168.0.212/MyPush/resources/xmpp/register
- {"status":"ok","msg":"user created","id":1112}
- id=1112
- test_register_and_delete
- http://192.168.0.212/MyPush/resources/xmpp/user/1112
- {"status":"ok","msg":"removed"}
- test_register_and_delete
- http://192.168.0.212/MyPush/resources/xmpp/user/1112
- {"status":"error","msg":"User not found"}
- Test resource for:xmpp
- test_register_and_delete
- http://192.168.0.212/MyPush/resources/xmpp/register
- {"status":"ok","msg":"user created","id":1113}
- id=1113
- test_register_and_delete
- http://192.168.0.212/MyPush/resources/xmpp/user/1113
- {"status":"ok","msg":"removed"}
- test_register_and_delete
- http://192.168.0.212/MyPush/resources/xmpp/user/1113
- {"status":"error","msg":"User not found"}
- Test resource for:xmpp
- test_register_and_delete
- http://192.168.0.212/MyPush/resources/xmpp/register
- {"status":"ok","msg":"user created","id":1114}
- id=1114
- test_register_and_delete
- http://192.168.0.212/MyPush/resources/xmpp/user/1114
- {"status":"ok","msg":"removed"}
- test_register_and_delete
- http://192.168.0.212/MyPush/resources/xmpp/user/1114
- {"status":"error","msg":"User not found"}
- Test resource for:xmpp
- test_register_and_delete
- http://192.168.0.212/MyPush/resources/xmpp/register
- {"status":"ok","msg":"user created","id":1115}
- id=1115
- test_register_and_delete
- http://192.168.0.212/MyPush/resources/xmpp/user/1115
- {"status":"ok","msg":"removed"}
- test_register_and_delete
- http://192.168.0.212/MyPush/resources/xmpp/user/1115
- {"status":"error","msg":"User not found"}
- Test resource for:xmpp
- test_register_and_delete
- http://192.168.0.212/MyPush/resources/xmpp/register
- {"status":"ok","msg":"user created","id":1116}
- id=1116
- test_register_and_delete
- http://192.168.0.212/MyPush/resources/xmpp/user/1116
- {"status":"ok","msg":"removed"}
- test_register_and_delete
- http://192.168.0.212/MyPush/resources/xmpp/user/1116
- {"status":"error","msg":"User not found"}
- Test resource for:xmpp
- test_register_and_delete
- http://192.168.0.212/MyPush/resources/xmpp/register
- {"status":"ok","msg":"user created","id":1117}
- id=1117
- test_register_and_delete
- http://192.168.0.212/MyPush/resources/xmpp/user/1117
- {"status":"ok","msg":"removed"}
- test_register_and_delete
- http://192.168.0.212/MyPush/resources/xmpp/user/1117
- {"status":"error","msg":"User not found"}
- Test resource for:xmpp
- test_register_and_delete
- http://192.168.0.212/MyPush/resources/xmpp/register
- {"status":"ok","msg":"user created","id":1118}
- id=1118
- test_register_and_delete
- http://192.168.0.212/MyPush/resources/xmpp/user/1118
- {"status":"ok","msg":"removed"}
- test_register_and_delete
- http://192.168.0.212/MyPush/resources/xmpp/user/1118
- {"status":"error","msg":"User not found"}
- Test resource for:xmpp
- test_register_and_delete
- http://192.168.0.212/MyPush/resources/xmpp/register
- {"status":"ok","msg":"user created","id":1119}
- id=1119
- test_register_and_delete
- http://192.168.0.212/MyPush/resources/xmpp/user/1119
- {"status":"ok","msg":"removed"}
- test_register_and_delete
- http://192.168.0.212/MyPush/resources/xmpp/user/1119
- {"status":"error","msg":"User not found"}
- Test resource for:xmpp
- test_register_and_delete
- http://192.168.0.212/MyPush/resources/xmpp/register
- {"status":"ok","msg":"user created","id":1120}
- id=1120
- test_register_and_delete
- http://192.168.0.212/MyPush/resources/xmpp/user/1120
- {"status":"ok","msg":"removed"}
- test_register_and_delete
- http://192.168.0.212/MyPush/resources/xmpp/user/1120
- {"status":"error","msg":"User not found"}
- Test resource for:xmpp
- test_register_and_delete
- http://192.168.0.212/MyPush/resources/xmpp/register
- {"status":"ok","msg":"user created","id":1121}
- id=1121
- test_register_and_delete
- http://192.168.0.212/MyPush/resources/xmpp/user/1121
- {"status":"ok","msg":"removed"}
- test_register_and_delete
- http://192.168.0.212/MyPush/resources/xmpp/user/1121
- {"status":"error","msg":"User not found"}
]]></system-out>
  <system-err><![CDATA[]]></system-err>
</testsuite>
